---------------------------------------------------------------
[ 2018-08-02T23:08:38+08:00 ] 127.0.0.1 GET /
[ info ] pfan8cmf.com/ [运行时间：0.453354s][吞吐率：2.21req/s] [内存消耗：3,454.91kb] [文件加载：73]
[ info ] [ CACHE ] INIT File
[ info ] [ BEHAVIOR ] Run cmf\behavior\InitHookBehavior @app_init [ RunTime:0.012675s ]
[ info ] [ LANG ] E:\php\PHPTutorial\WWW\thinkcmf-5.0.180626\simplewind\thinkphp\lang\zh-cn.php
[ info ] [ ROUTE ] array (
  'type' => 'module',
  'module' => 
  array (
    0 => '',
    1 => NULL,
    2 => NULL,
  ),
)
[ info ] [ HEADER ] array (
  'host' => 'pfan8cmf.com',
  'connection' => 'keep-alive',
  'upgrade-insecure-requests' => '1',
  'user-agent' => 'Mozilla/5.0 (Windows NT 10.0; Win64; x64) AppleWebKit/537.36 (KHTML, like Gecko) Chrome/67.0.3396.99 Safari/537.36',
  'accept' => 'text/html,application/xhtml+xml,application/xml;q=0.9,image/webp,image/apng,*/*;q=0.8',
  'accept-encoding' => 'gzip, deflate',
  'accept-language' => 'zh-CN,zh;q=0.9,en;q=0.8,gl;q=0.7',
  'cookie' => 'admin_username=pfan8',
)
[ info ] [ PARAM ] array (
)
[ info ] [ LANG ] E:\php\PHPTutorial\WWW\thinkcmf-5.0.180626\public/../simplewind/cmf/lang\zh-cn.php
[ info ] [ LANG ] E:\php\PHPTutorial\WWW\thinkcmf-5.0.180626\public/../app/admin\lang\zh-cn\common.php
[ info ] [ LANG ] E:\php\PHPTutorial\WWW\thinkcmf-5.0.180626\public/../app/portal\lang\zh-cn\common.php
[ info ] [ BEHAVIOR ] Run cmf\behavior\LangBehavior @app_begin [ RunTime:0.013535s ]
[ info ] [ DB ] INIT mysql
[ info ] [ LANG ] E:\php\PHPTutorial\WWW\thinkcmf-5.0.180626\public/../app/portal\lang\zh-cn\home.php
[ info ] [ BEHAVIOR ] Run cmf\behavior\HomeLangBehavior @home_init [ RunTime:0.004422s ]
[ info ] [ RUN ] app\icr\controller\IndexController->index[ E:\php\PHPTutorial\WWW\thinkcmf-5.0.180626\app\icr\controller\IndexController.php ]
[ info ] [ VIEW ] themes/RY/icr\\home.shtml [ array (
  0 => 'site_info',
  1 => 'theme_vars',
  2 => 'theme_widgets',
) ]
[ info ] [ LOG ] INIT File
[ sql ] [ DB ] CONNECT:[ UseTime:0.099233s ] mysql:host=127.0.0.1;port=3306;dbname=thinkcmf5;charset=utf8mb4
[ sql ] [ SQL ] SHOW COLUMNS FROM `cmf_option` [ RunTime:0.096057s ]
[ sql ] [ SQL ] SELECT `option_value` FROM `cmf_option` WHERE  `option_name` = 'cdn_settings' LIMIT 1 [ RunTime:0.003820s ]
[ sql ] [ SQL ] SHOW COLUMNS FROM `cmf_theme_file` [ RunTime:0.013180s ]
[ sql ] [ SQL ] SELECT `more` FROM `cmf_theme_file` WHERE  `theme` = 'RY'  AND (  `is_public` = 1 OR `file` = 'icr/home.shtml' ) [ RunTime:0.001122s ]
---------------------------------------------------------------
[ 2018-08-02T23:08:38+08:00 ] 127.0.0.1 GET /js/vendor/modernizr-3.6.0.min.js
[ info ] pfan8cmf.com/js/vendor/modernizr-3.6.0.min.js [运行时间：0.178117s][吞吐率：5.61req/s] [内存消耗：1,808.82kb] [文件加载：54]
[ info ] [ CACHE ] INIT File
[ info ] [ BEHAVIOR ] Run cmf\behavior\InitHookBehavior @app_init [ RunTime:0.021460s ]
[ info ] [ LANG ] E:\php\PHPTutorial\WWW\thinkcmf-5.0.180626\simplewind\thinkphp\lang\zh-cn.php
[ info ] [ ROUTE ] array (
  'type' => 'module',
  'module' => 
  array (
    0 => 'js',
    1 => 'vendor',
    2 => 'modernizr-3.6.0.min.js',
  ),
)
[ info ] [ HEADER ] array (
  'host' => 'pfan8cmf.com',
  'connection' => 'keep-alive',
  'user-agent' => 'Mozilla/5.0 (Windows NT 10.0; Win64; x64) AppleWebKit/537.36 (KHTML, like Gecko) Chrome/67.0.3396.99 Safari/537.36',
  'accept' => '*/*',
  'referer' => 'http://pfan8cmf.com/',
  'accept-encoding' => 'gzip, deflate',
  'accept-language' => 'zh-CN,zh;q=0.9,en;q=0.8,gl;q=0.7',
  'cookie' => 'admin_username=pfan8',
)
[ info ] [ PARAM ] array (
)
[ info ] [ LANG ] E:\php\PHPTutorial\WWW\thinkcmf-5.0.180626\public/../simplewind/cmf/lang\zh-cn.php
[ info ] [ LANG ] E:\php\PHPTutorial\WWW\thinkcmf-5.0.180626\public/../app/admin\lang\zh-cn\common.php
[ info ] [ LANG ] E:\php\PHPTutorial\WWW\thinkcmf-5.0.180626\public/../app/portal\lang\zh-cn\common.php
[ info ] [ BEHAVIOR ] Run cmf\behavior\LangBehavior @app_begin [ RunTime:0.010853s ]
[ info ] [ LOG ] INIT File
---------------------------------------------------------------
[ 2018-08-02T23:08:38+08:00 ] 127.0.0.1 GET /js/main.js
[ info ] pfan8cmf.com/js/main.js [运行时间：0.167597s][吞吐率：5.97req/s] [内存消耗：1,808.64kb] [文件加载：54]
[ info ] [ CACHE ] INIT File
[ info ] [ BEHAVIOR ] Run cmf\behavior\InitHookBehavior @app_init [ RunTime:0.032684s ]
[ info ] [ LANG ] E:\php\PHPTutorial\WWW\thinkcmf-5.0.180626\simplewind\thinkphp\lang\zh-cn.php
[ info ] [ ROUTE ] array (
  'type' => 'module',
  'module' => 
  array (
    0 => 'js',
    1 => 'main.js',
    2 => NULL,
  ),
)
[ info ] [ HEADER ] array (
  'host' => 'pfan8cmf.com',
  'connection' => 'keep-alive',
  'user-agent' => 'Mozilla/5.0 (Windows NT 10.0; Win64; x64) AppleWebKit/537.36 (KHTML, like Gecko) Chrome/67.0.3396.99 Safari/537.36',
  'accept' => '*/*',
  'referer' => 'http://pfan8cmf.com/',
  'accept-encoding' => 'gzip, deflate',
  'accept-language' => 'zh-CN,zh;q=0.9,en;q=0.8,gl;q=0.7',
  'cookie' => 'admin_username=pfan8',
)
[ info ] [ PARAM ] array (
)
[ info ] [ LANG ] E:\php\PHPTutorial\WWW\thinkcmf-5.0.180626\public/../simplewind/cmf/lang\zh-cn.php
[ info ] [ LANG ] E:\php\PHPTutorial\WWW\thinkcmf-5.0.180626\public/../app/admin\lang\zh-cn\common.php
[ info ] [ LANG ] E:\php\PHPTutorial\WWW\thinkcmf-5.0.180626\public/../app/portal\lang\zh-cn\common.php
[ info ] [ BEHAVIOR ] Run cmf\behavior\LangBehavior @app_begin [ RunTime:0.005957s ]
[ info ] [ LOG ] INIT File
---------------------------------------------------------------
[ 2018-08-02T23:08:38+08:00 ] 127.0.0.1 GET /js/vendor/jquery-3.3.1.min.js
[ info ] pfan8cmf.com/js/vendor/jquery-3.3.1.min.js [运行时间：0.195025s][吞吐率：5.13req/s] [内存消耗：1,808.80kb] [文件加载：54]
[ info ] [ CACHE ] INIT File
[ info ] [ BEHAVIOR ] Run cmf\behavior\InitHookBehavior @app_init [ RunTime:0.006184s ]
[ info ] [ LANG ] E:\php\PHPTutorial\WWW\thinkcmf-5.0.180626\simplewind\thinkphp\lang\zh-cn.php
[ info ] [ ROUTE ] array (
  'type' => 'module',
  'module' => 
  array (
    0 => 'js',
    1 => 'vendor',
    2 => 'jquery-3.3.1.min.js',
  ),
)
[ info ] [ HEADER ] array (
  'host' => 'pfan8cmf.com',
  'connection' => 'keep-alive',
  'user-agent' => 'Mozilla/5.0 (Windows NT 10.0; Win64; x64) AppleWebKit/537.36 (KHTML, like Gecko) Chrome/67.0.3396.99 Safari/537.36',
  'accept' => '*/*',
  'referer' => 'http://pfan8cmf.com/',
  'accept-encoding' => 'gzip, deflate',
  'accept-language' => 'zh-CN,zh;q=0.9,en;q=0.8,gl;q=0.7',
  'cookie' => 'admin_username=pfan8',
)
[ info ] [ PARAM ] array (
)
[ info ] [ LANG ] E:\php\PHPTutorial\WWW\thinkcmf-5.0.180626\public/../simplewind/cmf/lang\zh-cn.php
[ info ] [ LANG ] E:\php\PHPTutorial\WWW\thinkcmf-5.0.180626\public/../app/admin\lang\zh-cn\common.php
[ info ] [ LANG ] E:\php\PHPTutorial\WWW\thinkcmf-5.0.180626\public/../app/portal\lang\zh-cn\common.php
[ info ] [ BEHAVIOR ] Run cmf\behavior\LangBehavior @app_begin [ RunTime:0.004278s ]
[ info ] [ LOG ] INIT File
---------------------------------------------------------------
[ 2018-08-02T23:08:38+08:00 ] 127.0.0.1 GET /imgs/listen-img.png
[ info ] pfan8cmf.com/imgs/listen-img.png [运行时间：0.108050s][吞吐率：9.25req/s] [内存消耗：1,808.92kb] [文件加载：54]
[ info ] [ CACHE ] INIT File
[ info ] [ BEHAVIOR ] Run cmf\behavior\InitHookBehavior @app_init [ RunTime:0.012354s ]
[ info ] [ LANG ] E:\php\PHPTutorial\WWW\thinkcmf-5.0.180626\simplewind\thinkphp\lang\zh-cn.php
[ info ] [ ROUTE ] array (
  'type' => 'module',
  'module' => 
  array (
    0 => 'imgs',
    1 => 'listen-img.png',
    2 => NULL,
  ),
)
[ info ] [ HEADER ] array (
  'host' => 'pfan8cmf.com',
  'connection' => 'keep-alive',
  'user-agent' => 'Mozilla/5.0 (Windows NT 10.0; Win64; x64) AppleWebKit/537.36 (KHTML, like Gecko) Chrome/67.0.3396.99 Safari/537.36',
  'accept' => 'image/webp,image/apng,image/*,*/*;q=0.8',
  'referer' => 'http://pfan8cmf.com/themes/RY/icr/css/main.css',
  'accept-encoding' => 'gzip, deflate',
  'accept-language' => 'zh-CN,zh;q=0.9,en;q=0.8,gl;q=0.7',
  'cookie' => 'admin_username=pfan8',
)
[ info ] [ PARAM ] array (
)
[ info ] [ LANG ] E:\php\PHPTutorial\WWW\thinkcmf-5.0.180626\public/../simplewind/cmf/lang\zh-cn.php
[ info ] [ LANG ] E:\php\PHPTutorial\WWW\thinkcmf-5.0.180626\public/../app/admin\lang\zh-cn\common.php
[ info ] [ LANG ] E:\php\PHPTutorial\WWW\thinkcmf-5.0.180626\public/../app/portal\lang\zh-cn\common.php
[ info ] [ BEHAVIOR ] Run cmf\behavior\LangBehavior @app_begin [ RunTime:0.007379s ]
[ info ] [ LOG ] INIT File
---------------------------------------------------------------
[ 2018-08-02T23:08:38+08:00 ] 127.0.0.1 GET /imgs/banner6.jpg
[ info ] pfan8cmf.com/imgs/banner6.jpg [运行时间：0.119746s][吞吐率：8.35req/s] [内存消耗：1,808.93kb] [文件加载：54]
[ info ] [ CACHE ] INIT File
[ info ] [ BEHAVIOR ] Run cmf\behavior\InitHookBehavior @app_init [ RunTime:0.013126s ]
[ info ] [ LANG ] E:\php\PHPTutorial\WWW\thinkcmf-5.0.180626\simplewind\thinkphp\lang\zh-cn.php
[ info ] [ ROUTE ] array (
  'type' => 'module',
  'module' => 
  array (
    0 => 'imgs',
    1 => 'banner6.jpg',
    2 => NULL,
  ),
)
[ info ] [ HEADER ] array (
  'host' => 'pfan8cmf.com',
  'connection' => 'keep-alive',
  'user-agent' => 'Mozilla/5.0 (Windows NT 10.0; Win64; x64) AppleWebKit/537.36 (KHTML, like Gecko) Chrome/67.0.3396.99 Safari/537.36',
  'accept' => 'image/webp,image/apng,image/*,*/*;q=0.8',
  'referer' => 'http://pfan8cmf.com/themes/RY/icr/css/main.css',
  'accept-encoding' => 'gzip, deflate',
  'accept-language' => 'zh-CN,zh;q=0.9,en;q=0.8,gl;q=0.7',
  'cookie' => 'admin_username=pfan8',
)
[ info ] [ PARAM ] array (
)
[ info ] [ LANG ] E:\php\PHPTutorial\WWW\thinkcmf-5.0.180626\public/../simplewind/cmf/lang\zh-cn.php
[ info ] [ LANG ] E:\php\PHPTutorial\WWW\thinkcmf-5.0.180626\public/../app/admin\lang\zh-cn\common.php
[ info ] [ LANG ] E:\php\PHPTutorial\WWW\thinkcmf-5.0.180626\public/../app/portal\lang\zh-cn\common.php
[ info ] [ BEHAVIOR ] Run cmf\behavior\LangBehavior @app_begin [ RunTime:0.008849s ]
[ info ] [ LOG ] INIT File
---------------------------------------------------------------
[ 2018-08-02T23:08:39+08:00 ] 127.0.0.1 GET /js/vendor/modernizr-3.6.0.min.js
[ info ] pfan8cmf.com/js/vendor/modernizr-3.6.0.min.js [运行时间：0.093633s][吞吐率：10.68req/s] [内存消耗：1,808.94kb] [文件加载：54]
[ info ] [ CACHE ] INIT File
[ info ] [ BEHAVIOR ] Run cmf\behavior\InitHookBehavior @app_init [ RunTime:0.006045s ]
[ info ] [ LANG ] E:\php\PHPTutorial\WWW\thinkcmf-5.0.180626\simplewind\thinkphp\lang\zh-cn.php
[ info ] [ ROUTE ] array (
  'type' => 'module',
  'module' => 
  array (
    0 => 'js',
    1 => 'vendor',
    2 => 'modernizr-3.6.0.min.js',
  ),
)
[ info ] [ HEADER ] array (
  'host' => 'pfan8cmf.com',
  'connection' => 'keep-alive',
  'user-agent' => 'Mozilla/5.0 (Windows NT 10.0; Win64; x64) AppleWebKit/537.36 (KHTML, like Gecko) Chrome/67.0.3396.99 Safari/537.36',
  'accept' => '*/*',
  'referer' => 'http://pfan8cmf.com/',
  'accept-encoding' => 'gzip, deflate',
  'accept-language' => 'zh-CN,zh;q=0.9,en;q=0.8,gl;q=0.7',
  'cookie' => 'admin_username=pfan8; thinkphp_show_page_trace=0|0',
)
[ info ] [ PARAM ] array (
)
[ info ] [ LANG ] E:\php\PHPTutorial\WWW\thinkcmf-5.0.180626\public/../simplewind/cmf/lang\zh-cn.php
[ info ] [ LANG ] E:\php\PHPTutorial\WWW\thinkcmf-5.0.180626\public/../app/admin\lang\zh-cn\common.php
[ info ] [ LANG ] E:\php\PHPTutorial\WWW\thinkcmf-5.0.180626\public/../app/portal\lang\zh-cn\common.php
[ info ] [ BEHAVIOR ] Run cmf\behavior\LangBehavior @app_begin [ RunTime:0.004458s ]
[ info ] [ LOG ] INIT File
---------------------------------------------------------------
[ 2018-08-02T23:08:39+08:00 ] 127.0.0.1 GET /js/vendor/jquery-3.3.1.min.js
[ info ] pfan8cmf.com/js/vendor/jquery-3.3.1.min.js [运行时间：0.080938s][吞吐率：12.36req/s] [内存消耗：1,808.97kb] [文件加载：54]
[ info ] [ CACHE ] INIT File
[ info ] [ BEHAVIOR ] Run cmf\behavior\InitHookBehavior @app_init [ RunTime:0.004868s ]
[ info ] [ LANG ] E:\php\PHPTutorial\WWW\thinkcmf-5.0.180626\simplewind\thinkphp\lang\zh-cn.php
[ info ] [ ROUTE ] array (
  'type' => 'module',
  'module' => 
  array (
    0 => 'js',
    1 => 'vendor',
    2 => 'jquery-3.3.1.min.js',
  ),
)
[ info ] [ HEADER ] array (
  'host' => 'pfan8cmf.com',
  'connection' => 'keep-alive',
  'user-agent' => 'Mozilla/5.0 (Windows NT 10.0; Win64; x64) AppleWebKit/537.36 (KHTML, like Gecko) Chrome/67.0.3396.99 Safari/537.36',
  'accept' => '*/*',
  'referer' => 'http://pfan8cmf.com/',
  'accept-encoding' => 'gzip, deflate',
  'accept-language' => 'zh-CN,zh;q=0.9,en;q=0.8,gl;q=0.7',
  'cookie' => 'admin_username=pfan8; thinkphp_show_page_trace=0|0',
)
[ info ] [ PARAM ] array (
)
[ info ] [ LANG ] E:\php\PHPTutorial\WWW\thinkcmf-5.0.180626\public/../simplewind/cmf/lang\zh-cn.php
[ info ] [ LANG ] E:\php\PHPTutorial\WWW\thinkcmf-5.0.180626\public/../app/admin\lang\zh-cn\common.php
[ info ] [ LANG ] E:\php\PHPTutorial\WWW\thinkcmf-5.0.180626\public/../app/portal\lang\zh-cn\common.php
[ info ] [ BEHAVIOR ] Run cmf\behavior\LangBehavior @app_begin [ RunTime:0.003279s ]
[ info ] [ LOG ] INIT File
---------------------------------------------------------------
[ 2018-08-02T23:08:39+08:00 ] 127.0.0.1 GET /js/main.js
[ info ] pfan8cmf.com/js/main.js [运行时间：0.069921s][吞吐率：14.30req/s] [内存消耗：1,808.77kb] [文件加载：54]
[ info ] [ CACHE ] INIT File
[ info ] [ BEHAVIOR ] Run cmf\behavior\InitHookBehavior @app_init [ RunTime:0.004025s ]
[ info ] [ LANG ] E:\php\PHPTutorial\WWW\thinkcmf-5.0.180626\simplewind\thinkphp\lang\zh-cn.php
[ info ] [ ROUTE ] array (
  'type' => 'module',
  'module' => 
  array (
    0 => 'js',
    1 => 'main.js',
    2 => NULL,
  ),
)
[ info ] [ HEADER ] array (
  'host' => 'pfan8cmf.com',
  'connection' => 'keep-alive',
  'user-agent' => 'Mozilla/5.0 (Windows NT 10.0; Win64; x64) AppleWebKit/537.36 (KHTML, like Gecko) Chrome/67.0.3396.99 Safari/537.36',
  'accept' => '*/*',
  'referer' => 'http://pfan8cmf.com/',
  'accept-encoding' => 'gzip, deflate',
  'accept-language' => 'zh-CN,zh;q=0.9,en;q=0.8,gl;q=0.7',
  'cookie' => 'admin_username=pfan8; thinkphp_show_page_trace=0|0',
)
[ info ] [ PARAM ] array (
)
[ info ] [ LANG ] E:\php\PHPTutorial\WWW\thinkcmf-5.0.180626\public/../simplewind/cmf/lang\zh-cn.php
[ info ] [ LANG ] E:\php\PHPTutorial\WWW\thinkcmf-5.0.180626\public/../app/admin\lang\zh-cn\common.php
[ info ] [ LANG ] E:\php\PHPTutorial\WWW\thinkcmf-5.0.180626\public/../app/portal\lang\zh-cn\common.php
[ info ] [ BEHAVIOR ] Run cmf\behavior\LangBehavior @app_begin [ RunTime:0.003693s ]
[ info ] [ LOG ] INIT File
---------------------------------------------------------------
[ 2018-08-02T23:08:40+08:00 ] 127.0.0.1 GET /favicon.ico
[ info ] pfan8cmf.com/favicon.ico [运行时间：0.080615s][吞吐率：12.40req/s] [内存消耗：1,808.84kb] [文件加载：54]
[ info ] [ CACHE ] INIT File
[ info ] [ BEHAVIOR ] Run cmf\behavior\InitHookBehavior @app_init [ RunTime:0.004935s ]
[ info ] [ LANG ] E:\php\PHPTutorial\WWW\thinkcmf-5.0.180626\simplewind\thinkphp\lang\zh-cn.php
[ info ] [ ROUTE ] array (
  'type' => 'module',
  'module' => 
  array (
    0 => 'favicon.ico',
    1 => NULL,
    2 => NULL,
  ),
)
[ info ] [ HEADER ] array (
  'host' => 'pfan8cmf.com',
  'connection' => 'keep-alive',
  'user-agent' => 'Mozilla/5.0 (Windows NT 10.0; Win64; x64) AppleWebKit/537.36 (KHTML, like Gecko) Chrome/67.0.3396.99 Safari/537.36',
  'accept' => 'image/webp,image/apng,image/*,*/*;q=0.8',
  'referer' => 'http://pfan8cmf.com/',
  'accept-encoding' => 'gzip, deflate',
  'accept-language' => 'zh-CN,zh;q=0.9,en;q=0.8,gl;q=0.7',
  'cookie' => 'admin_username=pfan8; thinkphp_show_page_trace=0|0',
)
[ info ] [ PARAM ] array (
)
[ info ] [ LANG ] E:\php\PHPTutorial\WWW\thinkcmf-5.0.180626\public/../simplewind/cmf/lang\zh-cn.php
[ info ] [ LANG ] E:\php\PHPTutorial\WWW\thinkcmf-5.0.180626\public/../app/admin\lang\zh-cn\common.php
[ info ] [ LANG ] E:\php\PHPTutorial\WWW\thinkcmf-5.0.180626\public/../app/portal\lang\zh-cn\common.php
[ info ] [ BEHAVIOR ] Run cmf\behavior\LangBehavior @app_begin [ RunTime:0.003676s ]
[ info ] [ LOG ] INIT File
---------------------------------------------------------------
[ 2018-08-02T23:08:44+08:00 ] 127.0.0.1 GET /location.html
[ info ] pfan8cmf.com/location.html [运行时间：0.119004s][吞吐率：8.40req/s] [内存消耗：1,809.41kb] [文件加载：54]
[ info ] [ CACHE ] INIT File
[ info ] [ BEHAVIOR ] Run cmf\behavior\InitHookBehavior @app_init [ RunTime:0.007668s ]
[ info ] [ LANG ] E:\php\PHPTutorial\WWW\thinkcmf-5.0.180626\simplewind\thinkphp\lang\zh-cn.php
[ info ] [ ROUTE ] array (
  'type' => 'module',
  'module' => 
  array (
    0 => 'location',
    1 => NULL,
    2 => NULL,
  ),
)
[ info ] [ HEADER ] array (
  'host' => 'pfan8cmf.com',
  'connection' => 'keep-alive',
  'upgrade-insecure-requests' => '1',
  'user-agent' => 'Mozilla/5.0 (Windows NT 10.0; Win64; x64) AppleWebKit/537.36 (KHTML, like Gecko) Chrome/67.0.3396.99 Safari/537.36',
  'accept' => 'text/html,application/xhtml+xml,application/xml;q=0.9,image/webp,image/apng,*/*;q=0.8',
  'referer' => 'http://pfan8cmf.com/',
  'accept-encoding' => 'gzip, deflate',
  'accept-language' => 'zh-CN,zh;q=0.9,en;q=0.8,gl;q=0.7',
  'cookie' => 'admin_username=pfan8; thinkphp_show_page_trace=0|0',
)
[ info ] [ PARAM ] array (
)
[ info ] [ LANG ] E:\php\PHPTutorial\WWW\thinkcmf-5.0.180626\public/../simplewind/cmf/lang\zh-cn.php
[ info ] [ LANG ] E:\php\PHPTutorial\WWW\thinkcmf-5.0.180626\public/../app/admin\lang\zh-cn\common.php
[ info ] [ LANG ] E:\php\PHPTutorial\WWW\thinkcmf-5.0.180626\public/../app/portal\lang\zh-cn\common.php
[ info ] [ BEHAVIOR ] Run cmf\behavior\LangBehavior @app_begin [ RunTime:0.006716s ]
[ info ] [ LOG ] INIT File
---------------------------------------------------------------
[ 2018-08-02T23:08:51+08:00 ] 127.0.0.1 GET /js/vendor/jquery-3.3.1.min.js
[ info ] pfan8cmf.com/js/vendor/jquery-3.3.1.min.js [运行时间：0.124223s][吞吐率：8.05req/s] [内存消耗：1,808.97kb] [文件加载：54]
[ info ] [ CACHE ] INIT File
[ info ] [ BEHAVIOR ] Run cmf\behavior\InitHookBehavior @app_init [ RunTime:0.009651s ]
[ info ] [ LANG ] E:\php\PHPTutorial\WWW\thinkcmf-5.0.180626\simplewind\thinkphp\lang\zh-cn.php
[ info ] [ ROUTE ] array (
  'type' => 'module',
  'module' => 
  array (
    0 => 'js',
    1 => 'vendor',
    2 => 'jquery-3.3.1.min.js',
  ),
)
[ info ] [ HEADER ] array (
  'host' => 'pfan8cmf.com',
  'connection' => 'keep-alive',
  'user-agent' => 'Mozilla/5.0 (Windows NT 10.0; Win64; x64) AppleWebKit/537.36 (KHTML, like Gecko) Chrome/67.0.3396.99 Safari/537.36',
  'accept' => '*/*',
  'referer' => 'http://pfan8cmf.com/',
  'accept-encoding' => 'gzip, deflate',
  'accept-language' => 'zh-CN,zh;q=0.9,en;q=0.8,gl;q=0.7',
  'cookie' => 'admin_username=pfan8; thinkphp_show_page_trace=0|0',
)
[ info ] [ PARAM ] array (
)
[ info ] [ LANG ] E:\php\PHPTutorial\WWW\thinkcmf-5.0.180626\public/../simplewind/cmf/lang\zh-cn.php
[ info ] [ LANG ] E:\php\PHPTutorial\WWW\thinkcmf-5.0.180626\public/../app/admin\lang\zh-cn\common.php
[ info ] [ LANG ] E:\php\PHPTutorial\WWW\thinkcmf-5.0.180626\public/../app/portal\lang\zh-cn\common.php
[ info ] [ BEHAVIOR ] Run cmf\behavior\LangBehavior @app_begin [ RunTime:0.005163s ]
[ info ] [ LOG ] INIT File
---------------------------------------------------------------
[ 2018-08-02T23:08:51+08:00 ] 127.0.0.1 GET /js/main.js
[ info ] pfan8cmf.com/js/main.js [运行时间：0.124163s][吞吐率：8.05req/s] [内存消耗：1,808.77kb] [文件加载：54]
[ info ] [ CACHE ] INIT File
[ info ] [ BEHAVIOR ] Run cmf\behavior\InitHookBehavior @app_init [ RunTime:0.009554s ]
[ info ] [ LANG ] E:\php\PHPTutorial\WWW\thinkcmf-5.0.180626\simplewind\thinkphp\lang\zh-cn.php
[ info ] [ ROUTE ] array (
  'type' => 'module',
  'module' => 
  array (
    0 => 'js',
    1 => 'main.js',
    2 => NULL,
  ),
)
[ info ] [ HEADER ] array (
  'host' => 'pfan8cmf.com',
  'connection' => 'keep-alive',
  'user-agent' => 'Mozilla/5.0 (Windows NT 10.0; Win64; x64) AppleWebKit/537.36 (KHTML, like Gecko) Chrome/67.0.3396.99 Safari/537.36',
  'accept' => '*/*',
  'referer' => 'http://pfan8cmf.com/',
  'accept-encoding' => 'gzip, deflate',
  'accept-language' => 'zh-CN,zh;q=0.9,en;q=0.8,gl;q=0.7',
  'cookie' => 'admin_username=pfan8; thinkphp_show_page_trace=0|0',
)
[ info ] [ PARAM ] array (
)
[ info ] [ LANG ] E:\php\PHPTutorial\WWW\thinkcmf-5.0.180626\public/../simplewind/cmf/lang\zh-cn.php
[ info ] [ LANG ] E:\php\PHPTutorial\WWW\thinkcmf-5.0.180626\public/../app/admin\lang\zh-cn\common.php
[ info ] [ LANG ] E:\php\PHPTutorial\WWW\thinkcmf-5.0.180626\public/../app/portal\lang\zh-cn\common.php
[ info ] [ BEHAVIOR ] Run cmf\behavior\LangBehavior @app_begin [ RunTime:0.005172s ]
[ info ] [ LOG ] INIT File
