---------------------------------------------------------------
[ 2018-08-07T20:24:21+08:00 ] 127.0.0.1 GET /
[ info ] pfan8cmf.com/ [运行时间：0.325495s][吞吐率：3.07req/s] [内存消耗：3,542.27kb] [文件加载：75]
[ info ] [ CACHE ] INIT File
[ info ] [ BEHAVIOR ] Run cmf\behavior\InitHookBehavior @app_init [ RunTime:0.013196s ]
[ info ] [ LANG ] E:\php\PHPTutorial\WWW\thinkcmf-5.0.180626\simplewind\thinkphp\lang\zh-cn.php
[ info ] [ ROUTE ] array (
  'type' => 'module',
  'module' => 
  array (
    0 => '',
    1 => NULL,
    2 => NULL,
  ),
)
[ info ] [ HEADER ] array (
  'host' => 'pfan8cmf.com',
  'connection' => 'keep-alive',
  'upgrade-insecure-requests' => '1',
  'user-agent' => 'Mozilla/5.0 (Windows NT 10.0; Win64; x64) AppleWebKit/537.36 (KHTML, like Gecko) Chrome/67.0.3396.99 Safari/537.36',
  'accept' => 'text/html,application/xhtml+xml,application/xml;q=0.9,image/webp,image/apng,*/*;q=0.8',
  'accept-encoding' => 'gzip, deflate',
  'accept-language' => 'zh-CN,zh;q=0.9,en;q=0.8,gl;q=0.7',
  'cookie' => 'admin_username=pfan8; thinkphp_show_page_trace=0|0; PHPSESSID=s1dvgnogfcv88dt5m2b6taonb2',
)
[ info ] [ PARAM ] array (
)
[ info ] [ LANG ] E:\php\PHPTutorial\WWW\thinkcmf-5.0.180626\public/../simplewind/cmf/lang\zh-cn.php
[ info ] [ LANG ] E:\php\PHPTutorial\WWW\thinkcmf-5.0.180626\public/../app/admin\lang\zh-cn\common.php
[ info ] [ LANG ] E:\php\PHPTutorial\WWW\thinkcmf-5.0.180626\public/../app/portal\lang\zh-cn\common.php
[ info ] [ BEHAVIOR ] Run cmf\behavior\LangBehavior @app_begin [ RunTime:0.010771s ]
[ info ] [ DB ] INIT mysql
[ info ] [ LANG ] E:\php\PHPTutorial\WWW\thinkcmf-5.0.180626\public/../app/portal\lang\zh-cn\home.php
[ info ] [ BEHAVIOR ] Run cmf\behavior\HomeLangBehavior @home_init [ RunTime:0.003849s ]
[ info ] [ RUN ] app\icr\controller\IndexController->index[ E:\php\PHPTutorial\WWW\thinkcmf-5.0.180626\app\icr\controller\IndexController.php ]
[ info ] [ LANG ] E:\php\PHPTutorial\WWW\thinkcmf-5.0.180626\public/../app/portal\lang\zh-cn\home.php
[ info ] [ BEHAVIOR ] Run cmf\behavior\HomeLangBehavior @home_init [ RunTime:0.001710s ]
[ info ] [ VIEW ] themes/RY/icr\\home.html [ array (
  0 => 'site_info',
  1 => 'home_active',
  2 => 'course_active',
  3 => 'teacher_active',
  4 => 'school_active',
  5 => 'recruit_active',
  6 => 'join_active',
  7 => 'about_active',
  8 => 'theme_vars',
  9 => 'theme_widgets',
) ]
[ info ] [ LOG ] INIT File
[ sql ] [ DB ] CONNECT:[ UseTime:0.016899s ] mysql:host=127.0.0.1;port=3306;dbname=thinkcmf5;charset=utf8mb4
[ sql ] [ SQL ] SHOW COLUMNS FROM `cmf_option` [ RunTime:0.029909s ]
[ sql ] [ SQL ] SELECT `option_value` FROM `cmf_option` WHERE  `option_name` = 'cdn_settings' LIMIT 1 [ RunTime:0.003447s ]
[ sql ] [ SQL ] SELECT `option_value` FROM `cmf_option` WHERE  `option_name` = 'cdn_settings' LIMIT 1 [ RunTime:0.000421s ]
[ sql ] [ SQL ] SHOW COLUMNS FROM `cmf_theme_file` [ RunTime:0.016800s ]
[ sql ] [ SQL ] SELECT `more` FROM `cmf_theme_file` WHERE  `theme` = 'RY'  AND (  `is_public` = 1 OR `file` = 'icr/home' ) [ RunTime:0.001211s ]
---------------------------------------------------------------
[ 2018-08-07T20:24:24+08:00 ] 127.0.0.1 GET /user/login
[ info ] pfan8cmf.com/user/login [运行时间：0.270838s][吞吐率：3.69req/s] [内存消耗：3,790.03kb] [文件加载：82]
[ info ] [ CACHE ] INIT File
[ info ] [ BEHAVIOR ] Run cmf\behavior\InitHookBehavior @app_init [ RunTime:0.004335s ]
[ info ] [ LANG ] E:\php\PHPTutorial\WWW\thinkcmf-5.0.180626\simplewind\thinkphp\lang\zh-cn.php
[ info ] [ ROUTE ] array (
  'type' => 'module',
  'module' => 
  array (
    0 => 'user',
    1 => 'login',
    2 => NULL,
  ),
)
[ info ] [ HEADER ] array (
  'host' => 'pfan8cmf.com',
  'connection' => 'keep-alive',
  'upgrade-insecure-requests' => '1',
  'user-agent' => 'Mozilla/5.0 (Windows NT 10.0; Win64; x64) AppleWebKit/537.36 (KHTML, like Gecko) Chrome/67.0.3396.99 Safari/537.36',
  'accept' => 'text/html,application/xhtml+xml,application/xml;q=0.9,image/webp,image/apng,*/*;q=0.8',
  'referer' => 'http://pfan8cmf.com/',
  'accept-encoding' => 'gzip, deflate',
  'accept-language' => 'zh-CN,zh;q=0.9,en;q=0.8,gl;q=0.7',
  'cookie' => 'thinkphp_show_page_trace=0|0; admin_username=pfan8; thinkphp_show_page_trace=0|0; PHPSESSID=s1dvgnogfcv88dt5m2b6taonb2',
)
[ info ] [ PARAM ] array (
)
[ info ] [ LANG ] E:\php\PHPTutorial\WWW\thinkcmf-5.0.180626\public/../simplewind/cmf/lang\zh-cn.php
[ info ] [ LANG ] E:\php\PHPTutorial\WWW\thinkcmf-5.0.180626\public/../app/admin\lang\zh-cn\common.php
[ info ] [ LANG ] E:\php\PHPTutorial\WWW\thinkcmf-5.0.180626\public/../app/portal\lang\zh-cn\common.php
[ info ] [ BEHAVIOR ] Run cmf\behavior\LangBehavior @app_begin [ RunTime:0.002963s ]
[ info ] [ LANG ] E:\php\PHPTutorial\WWW\thinkcmf-5.0.180626\public/../app/user\lang\zh-cn.php
[ info ] [ DB ] INIT mysql
[ info ] [ LANG ] E:\php\PHPTutorial\WWW\thinkcmf-5.0.180626\public/../app/portal\lang\zh-cn\home.php
[ info ] [ BEHAVIOR ] Run cmf\behavior\HomeLangBehavior @home_init [ RunTime:0.002272s ]
[ info ] [ RUN ] app\user\controller\LoginController->index[ E:\php\PHPTutorial\WWW\thinkcmf-5.0.180626\app\user\controller\LoginController.php ]
[ info ] [ SESSION ] INIT array (
  'id' => '',
  'var_session_id' => '',
  'prefix' => 'think',
  'type' => '',
  'auto_start' => true,
)
[ info ] [ VIEW ] themes/RY/user\\login.html [ array (
  0 => 'site_info',
  1 => 'theme_vars',
  2 => 'theme_widgets',
) ]
[ info ] [ LOG ] INIT File
[ sql ] [ DB ] CONNECT:[ UseTime:0.001159s ] mysql:host=127.0.0.1;port=3306;dbname=thinkcmf5;charset=utf8mb4
[ sql ] [ SQL ] SHOW COLUMNS FROM `cmf_option` [ RunTime:0.012912s ]
[ sql ] [ SQL ] SELECT `option_value` FROM `cmf_option` WHERE  `option_name` = 'cdn_settings' LIMIT 1 [ RunTime:0.000636s ]
[ sql ] [ SQL ] SHOW COLUMNS FROM `cmf_theme_file` [ RunTime:0.016103s ]
[ sql ] [ SQL ] SELECT `more` FROM `cmf_theme_file` WHERE  `theme` = 'RY'  AND (  `is_public` = 1 OR `file` = 'user/login' ) [ RunTime:0.000540s ]
[ sql ] [ SQL ] SHOW COLUMNS FROM `cmf_nav` [ RunTime:0.014538s ]
[ sql ] [ SQL ] SELECT `id` FROM `cmf_nav` WHERE  `is_main` = 1 LIMIT 1 [ RunTime:0.000590s ]
[ sql ] [ SQL ] SHOW COLUMNS FROM `cmf_nav_menu` [ RunTime:0.016624s ]
[ sql ] [ SQL ] SELECT * FROM `cmf_nav_menu` WHERE  `nav_id` = 1  AND `status` = 1 ORDER BY `list_order` ASC [ RunTime:0.001034s ]
---------------------------------------------------------------
[ 2018-08-07T20:24:24+08:00 ] 127.0.0.1 GET /captcha/new.html?height=38&width=160&font_size=20
[ info ] pfan8cmf.com/captcha/new.html?height=38&width=160&font_size=20 [运行时间：0.114946s][吞吐率：8.70req/s] [内存消耗：1,823.44kb] [文件加载：51]
[ info ] [ CACHE ] INIT File
[ info ] [ BEHAVIOR ] Run cmf\behavior\InitHookBehavior @app_init [ RunTime:0.009986s ]
[ info ] [ LANG ] E:\php\PHPTutorial\WWW\thinkcmf-5.0.180626\simplewind\thinkphp\lang\zh-cn.php
[ info ] [ ROUTE ] array (
  'type' => 'method',
  'method' => 
  array (
    0 => '\\cmf\\controller\\CaptchaController',
    1 => 'index',
  ),
  'var' => 
  array (
  ),
)
[ info ] [ HEADER ] array (
  'host' => 'pfan8cmf.com',
  'connection' => 'keep-alive',
  'user-agent' => 'Mozilla/5.0 (Windows NT 10.0; Win64; x64) AppleWebKit/537.36 (KHTML, like Gecko) Chrome/67.0.3396.99 Safari/537.36',
  'accept' => 'image/webp,image/apng,image/*,*/*;q=0.8',
  'referer' => 'http://pfan8cmf.com/user/login',
  'accept-encoding' => 'gzip, deflate',
  'accept-language' => 'zh-CN,zh;q=0.9,en;q=0.8,gl;q=0.7',
  'cookie' => 'admin_username=pfan8; thinkphp_show_page_trace=0|0; PHPSESSID=s1dvgnogfcv88dt5m2b6taonb2',
)
[ info ] [ PARAM ] array (
  'height' => '38',
  'width' => '160',
  'font_size' => '20',
)
[ info ] [ LANG ] E:\php\PHPTutorial\WWW\thinkcmf-5.0.180626\public/../simplewind/cmf/lang\zh-cn.php
[ info ] [ LANG ] E:\php\PHPTutorial\WWW\thinkcmf-5.0.180626\public/../app/admin\lang\zh-cn\common.php
[ info ] [ LANG ] E:\php\PHPTutorial\WWW\thinkcmf-5.0.180626\public/../app/portal\lang\zh-cn\common.php
[ info ] [ BEHAVIOR ] Run cmf\behavior\LangBehavior @app_begin [ RunTime:0.009775s ]
[ info ] [ RUN ] cmf\controller\CaptchaController->index[ E:\php\PHPTutorial\WWW\thinkcmf-5.0.180626\simplewind\cmf\controller\CaptchaController.php ]
[ info ] [ SESSION ] INIT array (
  'id' => '',
  'var_session_id' => '',
  'prefix' => 'think',
  'type' => '',
  'auto_start' => true,
)
[ info ] [ LOG ] INIT File
---------------------------------------------------------------
[ 2018-08-07T20:24:24+08:00 ] 127.0.0.1 POST /user/index/islogin.html
[ info ] pfan8cmf.com/user/index/islogin.html [运行时间：0.155520s][吞吐率：6.43req/s] [内存消耗：2,873.31kb] [文件加载：69]
[ info ] [ CACHE ] INIT File
[ info ] [ BEHAVIOR ] Run cmf\behavior\InitHookBehavior @app_init [ RunTime:0.005398s ]
[ info ] [ LANG ] E:\php\PHPTutorial\WWW\thinkcmf-5.0.180626\simplewind\thinkphp\lang\zh-cn.php
[ info ] [ ROUTE ] array (
  'type' => 'module',
  'module' => 
  array (
    0 => 'user',
    1 => 'index',
    2 => 'islogin',
  ),
)
[ info ] [ HEADER ] array (
  'host' => 'pfan8cmf.com',
  'connection' => 'keep-alive',
  'content-length' => '0',
  'accept' => '*/*',
  'origin' => 'http://pfan8cmf.com',
  'x-requested-with' => 'XMLHttpRequest',
  'user-agent' => 'Mozilla/5.0 (Windows NT 10.0; Win64; x64) AppleWebKit/537.36 (KHTML, like Gecko) Chrome/67.0.3396.99 Safari/537.36',
  'referer' => 'http://pfan8cmf.com/user/login',
  'accept-encoding' => 'gzip, deflate',
  'accept-language' => 'zh-CN,zh;q=0.9,en;q=0.8,gl;q=0.7',
  'cookie' => 'thinkphp_show_page_trace=0|0; admin_username=pfan8; thinkphp_show_page_trace=0|0; PHPSESSID=s1dvgnogfcv88dt5m2b6taonb2',
)
[ info ] [ PARAM ] array (
)
[ info ] [ LANG ] E:\php\PHPTutorial\WWW\thinkcmf-5.0.180626\public/../simplewind/cmf/lang\zh-cn.php
[ info ] [ LANG ] E:\php\PHPTutorial\WWW\thinkcmf-5.0.180626\public/../app/admin\lang\zh-cn\common.php
[ info ] [ LANG ] E:\php\PHPTutorial\WWW\thinkcmf-5.0.180626\public/../app/portal\lang\zh-cn\common.php
[ info ] [ BEHAVIOR ] Run cmf\behavior\LangBehavior @app_begin [ RunTime:0.006218s ]
[ info ] [ LANG ] E:\php\PHPTutorial\WWW\thinkcmf-5.0.180626\public/../app/user\lang\zh-cn.php
[ info ] [ DB ] INIT mysql
[ info ] [ LANG ] E:\php\PHPTutorial\WWW\thinkcmf-5.0.180626\public/../app/portal\lang\zh-cn\home.php
[ info ] [ BEHAVIOR ] Run cmf\behavior\HomeLangBehavior @home_init [ RunTime:0.003667s ]
[ info ] [ RUN ] app\user\controller\IndexController->isLogin[ E:\php\PHPTutorial\WWW\thinkcmf-5.0.180626\app\user\controller\IndexController.php ]
[ info ] [ SESSION ] INIT array (
  'id' => '',
  'var_session_id' => '',
  'prefix' => 'think',
  'type' => '',
  'auto_start' => true,
)
[ info ] [ LOG ] INIT File
[ sql ] [ DB ] CONNECT:[ UseTime:0.000820s ] mysql:host=127.0.0.1;port=3306;dbname=thinkcmf5;charset=utf8mb4
[ sql ] [ SQL ] SHOW COLUMNS FROM `cmf_option` [ RunTime:0.017882s ]
[ sql ] [ SQL ] SELECT `option_value` FROM `cmf_option` WHERE  `option_name` = 'cdn_settings' LIMIT 1 [ RunTime:0.000963s ]
---------------------------------------------------------------
[ 2018-08-07T20:24:29+08:00 ] 127.0.0.1 POST /user/login/dologin.html
[ info ] pfan8cmf.com/user/login/dologin.html [运行时间：0.257394s][吞吐率：3.89req/s] [内存消耗：3,371.33kb] [文件加载：73]
[ info ] [ CACHE ] INIT File
[ info ] [ BEHAVIOR ] Run cmf\behavior\InitHookBehavior @app_init [ RunTime:0.007973s ]
[ info ] [ LANG ] E:\php\PHPTutorial\WWW\thinkcmf-5.0.180626\simplewind\thinkphp\lang\zh-cn.php
[ info ] [ ROUTE ] array (
  'type' => 'module',
  'module' => 
  array (
    0 => 'user',
    1 => 'login',
    2 => 'dologin',
  ),
)
[ info ] [ HEADER ] array (
  'host' => 'pfan8cmf.com',
  'connection' => 'keep-alive',
  'content-length' => '67',
  'accept' => 'application/json, text/javascript, */*; q=0.01',
  'origin' => 'http://pfan8cmf.com',
  'x-requested-with' => 'XMLHttpRequest',
  'user-agent' => 'Mozilla/5.0 (Windows NT 10.0; Win64; x64) AppleWebKit/537.36 (KHTML, like Gecko) Chrome/67.0.3396.99 Safari/537.36',
  'content-type' => 'application/x-www-form-urlencoded; charset=UTF-8',
  'referer' => 'http://pfan8cmf.com/user/login',
  'accept-encoding' => 'gzip, deflate',
  'accept-language' => 'zh-CN,zh;q=0.9,en;q=0.8,gl;q=0.7',
  'cookie' => 'thinkphp_show_page_trace=0|0; admin_username=pfan8; thinkphp_show_page_trace=0|0; PHPSESSID=s1dvgnogfcv88dt5m2b6taonb2',
)
[ info ] [ PARAM ] array (
  'username' => 'pfan8',
  'password' => 'paofan8',
  'captcha' => 'UHVM',
  '_captcha_id' => '',
  'redirect' => '',
)
[ info ] [ LANG ] E:\php\PHPTutorial\WWW\thinkcmf-5.0.180626\public/../simplewind/cmf/lang\zh-cn.php
[ info ] [ LANG ] E:\php\PHPTutorial\WWW\thinkcmf-5.0.180626\public/../app/admin\lang\zh-cn\common.php
[ info ] [ LANG ] E:\php\PHPTutorial\WWW\thinkcmf-5.0.180626\public/../app/portal\lang\zh-cn\common.php
[ info ] [ BEHAVIOR ] Run cmf\behavior\LangBehavior @app_begin [ RunTime:0.008757s ]
[ info ] [ LANG ] E:\php\PHPTutorial\WWW\thinkcmf-5.0.180626\public/../app/user\lang\zh-cn.php
[ info ] [ DB ] INIT mysql
[ info ] [ LANG ] E:\php\PHPTutorial\WWW\thinkcmf-5.0.180626\public/../app/portal\lang\zh-cn\home.php
[ info ] [ BEHAVIOR ] Run cmf\behavior\HomeLangBehavior @home_init [ RunTime:0.002277s ]
[ info ] [ RUN ] app\user\controller\LoginController->doLogin[ E:\php\PHPTutorial\WWW\thinkcmf-5.0.180626\app\user\controller\LoginController.php ]
[ info ] [ SESSION ] INIT array (
  'id' => '',
  'var_session_id' => '',
  'prefix' => 'think',
  'type' => '',
  'auto_start' => true,
)
[ info ] [ LOG ] INIT File
[ sql ] [ DB ] CONNECT:[ UseTime:0.010809s ] mysql:host=127.0.0.1;port=3306;dbname=thinkcmf5;charset=utf8mb4
[ sql ] [ SQL ] SHOW COLUMNS FROM `cmf_option` [ RunTime:0.013616s ]
[ sql ] [ SQL ] SELECT `option_value` FROM `cmf_option` WHERE  `option_name` = 'cdn_settings' LIMIT 1 [ RunTime:0.000525s ]
[ sql ] [ SQL ] SHOW COLUMNS FROM `cmf_user` [ RunTime:0.013418s ]
[ sql ] [ SQL ] SELECT * FROM `cmf_user` WHERE  `user_login` = 'pfan8' LIMIT 1 [ RunTime:0.002382s ]
[ sql ] [ SQL ] UPDATE `cmf_user`  SET `last_login_time`=1533644669,`last_login_ip`='127.0.0.1'  WHERE  `id` = 1 [ RunTime:0.007873s ]
[ sql ] [ SQL ] SHOW COLUMNS FROM `cmf_user_token` [ RunTime:0.011592s ]
[ sql ] [ SQL ] SELECT * FROM `cmf_user_token` WHERE  `user_id` = 1  AND `device_type` = 'web' LIMIT 1 [ RunTime:0.000654s ]
[ sql ] [ SQL ] SHOW COLUMNS FROM `cmf_user_action` [ RunTime:0.012183s ]
[ sql ] [ SQL ] SELECT * FROM `cmf_user_action` WHERE  `action` = 'login' LIMIT 1 [ RunTime:0.000569s ]
[ sql ] [ SQL ] SHOW COLUMNS FROM `cmf_user_score_log` [ RunTime:0.011674s ]
[ sql ] [ SQL ] SELECT * FROM `cmf_user_score_log` ORDER BY `create_time` DESC LIMIT 1 [ RunTime:0.000725s ]
[ sql ] [ SQL ] INSERT INTO `cmf_user_score_log` (`user_id` , `create_time` , `action` , `score` , `coin`) VALUES (1 , 1533644669 , 'login' , 1 , 1) [ RunTime:0.002882s ]
[ sql ] [ SQL ] UPDATE `cmf_user`  SET `score`=score+1,`coin`=coin+1  WHERE  `id` = 1 [ RunTime:0.003474s ]
---------------------------------------------------------------
[ 2018-08-07T20:24:34+08:00 ] 127.0.0.1 GET /
[ info ] pfan8cmf.com/ [运行时间：0.343615s][吞吐率：2.91req/s] [内存消耗：3,542.55kb] [文件加载：75]
[ info ] [ CACHE ] INIT File
[ info ] [ BEHAVIOR ] Run cmf\behavior\InitHookBehavior @app_init [ RunTime:0.009195s ]
[ info ] [ LANG ] E:\php\PHPTutorial\WWW\thinkcmf-5.0.180626\simplewind\thinkphp\lang\zh-cn.php
[ info ] [ ROUTE ] array (
  'type' => 'module',
  'module' => 
  array (
    0 => '',
    1 => NULL,
    2 => NULL,
  ),
)
[ info ] [ HEADER ] array (
  'host' => 'pfan8cmf.com',
  'connection' => 'keep-alive',
  'upgrade-insecure-requests' => '1',
  'user-agent' => 'Mozilla/5.0 (Windows NT 10.0; Win64; x64) AppleWebKit/537.36 (KHTML, like Gecko) Chrome/67.0.3396.99 Safari/537.36',
  'accept' => 'text/html,application/xhtml+xml,application/xml;q=0.9,image/webp,image/apng,*/*;q=0.8',
  'referer' => 'http://pfan8cmf.com/user/login',
  'accept-encoding' => 'gzip, deflate',
  'accept-language' => 'zh-CN,zh;q=0.9,en;q=0.8,gl;q=0.7',
  'cookie' => 'admin_username=pfan8; thinkphp_show_page_trace=0|0; PHPSESSID=s1dvgnogfcv88dt5m2b6taonb2',
)
[ info ] [ PARAM ] array (
)
[ info ] [ LANG ] E:\php\PHPTutorial\WWW\thinkcmf-5.0.180626\public/../simplewind/cmf/lang\zh-cn.php
[ info ] [ LANG ] E:\php\PHPTutorial\WWW\thinkcmf-5.0.180626\public/../app/admin\lang\zh-cn\common.php
[ info ] [ LANG ] E:\php\PHPTutorial\WWW\thinkcmf-5.0.180626\public/../app/portal\lang\zh-cn\common.php
[ info ] [ BEHAVIOR ] Run cmf\behavior\LangBehavior @app_begin [ RunTime:0.006533s ]
[ info ] [ DB ] INIT mysql
[ info ] [ LANG ] E:\php\PHPTutorial\WWW\thinkcmf-5.0.180626\public/../app/portal\lang\zh-cn\home.php
[ info ] [ BEHAVIOR ] Run cmf\behavior\HomeLangBehavior @home_init [ RunTime:0.004329s ]
[ info ] [ RUN ] app\icr\controller\IndexController->index[ E:\php\PHPTutorial\WWW\thinkcmf-5.0.180626\app\icr\controller\IndexController.php ]
[ info ] [ LANG ] E:\php\PHPTutorial\WWW\thinkcmf-5.0.180626\public/../app/portal\lang\zh-cn\home.php
[ info ] [ BEHAVIOR ] Run cmf\behavior\HomeLangBehavior @home_init [ RunTime:0.002817s ]
[ info ] [ VIEW ] themes/RY/icr\\home.html [ array (
  0 => 'site_info',
  1 => 'home_active',
  2 => 'course_active',
  3 => 'teacher_active',
  4 => 'school_active',
  5 => 'recruit_active',
  6 => 'join_active',
  7 => 'about_active',
  8 => 'theme_vars',
  9 => 'theme_widgets',
) ]
[ info ] [ LOG ] INIT File
[ sql ] [ DB ] CONNECT:[ UseTime:0.001224s ] mysql:host=127.0.0.1;port=3306;dbname=thinkcmf5;charset=utf8mb4
[ sql ] [ SQL ] SHOW COLUMNS FROM `cmf_option` [ RunTime:0.026848s ]
[ sql ] [ SQL ] SELECT `option_value` FROM `cmf_option` WHERE  `option_name` = 'cdn_settings' LIMIT 1 [ RunTime:0.000844s ]
[ sql ] [ SQL ] SELECT `option_value` FROM `cmf_option` WHERE  `option_name` = 'cdn_settings' LIMIT 1 [ RunTime:0.000808s ]
[ sql ] [ SQL ] SHOW COLUMNS FROM `cmf_theme_file` [ RunTime:0.026186s ]
[ sql ] [ SQL ] SELECT `more` FROM `cmf_theme_file` WHERE  `theme` = 'RY'  AND (  `is_public` = 1 OR `file` = 'icr/home' ) [ RunTime:0.000834s ]
---------------------------------------------------------------
[ 2018-08-07T20:24:42+08:00 ] 127.0.0.1 GET /admin
[ info ] pfan8cmf.com/admin [运行时间：0.127358s][吞吐率：7.85req/s] [内存消耗：2,918.55kb] [文件加载：69]
[ info ] [ CACHE ] INIT File
[ info ] [ BEHAVIOR ] Run cmf\behavior\InitHookBehavior @app_init [ RunTime:0.004142s ]
[ info ] [ LANG ] E:\php\PHPTutorial\WWW\thinkcmf-5.0.180626\simplewind\thinkphp\lang\zh-cn.php
[ info ] [ ROUTE ] array (
  'type' => 'module',
  'module' => 
  array (
    0 => 'admin',
    1 => NULL,
    2 => NULL,
  ),
)
[ info ] [ HEADER ] array (
  'host' => 'pfan8cmf.com',
  'connection' => 'keep-alive',
  'upgrade-insecure-requests' => '1',
  'user-agent' => 'Mozilla/5.0 (Windows NT 10.0; Win64; x64) AppleWebKit/537.36 (KHTML, like Gecko) Chrome/67.0.3396.99 Safari/537.36',
  'accept' => 'text/html,application/xhtml+xml,application/xml;q=0.9,image/webp,image/apng,*/*;q=0.8',
  'accept-encoding' => 'gzip, deflate',
  'accept-language' => 'zh-CN,zh;q=0.9,en;q=0.8,gl;q=0.7',
  'cookie' => 'admin_username=pfan8; thinkphp_show_page_trace=0|0; PHPSESSID=s1dvgnogfcv88dt5m2b6taonb2',
)
[ info ] [ PARAM ] array (
)
[ info ] [ LANG ] E:\php\PHPTutorial\WWW\thinkcmf-5.0.180626\public/../simplewind/cmf/lang\zh-cn.php
[ info ] [ LANG ] E:\php\PHPTutorial\WWW\thinkcmf-5.0.180626\public/../app/admin\lang\zh-cn\common.php
[ info ] [ LANG ] E:\php\PHPTutorial\WWW\thinkcmf-5.0.180626\public/../app/portal\lang\zh-cn\common.php
[ info ] [ BEHAVIOR ] Run cmf\behavior\LangBehavior @app_begin [ RunTime:0.004422s ]
[ info ] [ LANG ] E:\php\PHPTutorial\WWW\thinkcmf-5.0.180626\public/../app/admin\lang\zh-cn.php
[ info ] [ DB ] INIT mysql
[ info ] [ SESSION ] INIT array (
  'id' => '',
  'var_session_id' => '',
  'prefix' => 'think',
  'type' => '',
  'auto_start' => true,
)
[ info ] [ LANG ] E:\php\PHPTutorial\WWW\thinkcmf-5.0.180626\public/../app/admin\lang\zh-cn\admin_menu.php
[ info ] [ LANG ] E:\php\PHPTutorial\WWW\thinkcmf-5.0.180626\public/../app/admin\lang\zh-cn\admin.php
[ info ] [ LANG ] E:\php\PHPTutorial\WWW\thinkcmf-5.0.180626\public/../app/user\lang\zh-cn\admin_menu.php
[ info ] [ BEHAVIOR ] Run cmf\behavior\AdminLangBehavior @admin_init [ RunTime:0.005291s ]
[ info ] [ LOG ] INIT File
[ sql ] [ DB ] CONNECT:[ UseTime:0.010185s ] mysql:host=127.0.0.1;port=3306;dbname=thinkcmf5;charset=utf8mb4
[ sql ] [ SQL ] SHOW COLUMNS FROM `cmf_option` [ RunTime:0.011871s ]
[ sql ] [ SQL ] SELECT `option_value` FROM `cmf_option` WHERE  `option_name` = 'cdn_settings' LIMIT 1 [ RunTime:0.000399s ]
[ sql ] [ SQL ] SELECT `option_value` FROM `cmf_option` WHERE  `option_name` = 'admin_settings' LIMIT 1 [ RunTime:0.000461s ]
---------------------------------------------------------------
[ 2018-08-07T20:24:42+08:00 ] 127.0.0.1 GET /admin/public/login.html
[ info ] pfan8cmf.com/admin/public/login.html [运行时间：0.155271s][吞吐率：6.44req/s] [内存消耗：3,168.57kb] [文件加载：72]
[ info ] [ CACHE ] INIT File
[ info ] [ BEHAVIOR ] Run cmf\behavior\InitHookBehavior @app_init [ RunTime:0.004426s ]
[ info ] [ LANG ] E:\php\PHPTutorial\WWW\thinkcmf-5.0.180626\simplewind\thinkphp\lang\zh-cn.php
[ info ] [ ROUTE ] array (
  'type' => 'module',
  'module' => 
  array (
    0 => 'admin',
    1 => 'public',
    2 => 'login',
  ),
)
[ info ] [ HEADER ] array (
  'host' => 'pfan8cmf.com',
  'connection' => 'keep-alive',
  'upgrade-insecure-requests' => '1',
  'user-agent' => 'Mozilla/5.0 (Windows NT 10.0; Win64; x64) AppleWebKit/537.36 (KHTML, like Gecko) Chrome/67.0.3396.99 Safari/537.36',
  'accept' => 'text/html,application/xhtml+xml,application/xml;q=0.9,image/webp,image/apng,*/*;q=0.8',
  'accept-encoding' => 'gzip, deflate',
  'accept-language' => 'zh-CN,zh;q=0.9,en;q=0.8,gl;q=0.7',
  'cookie' => 'admin_username=pfan8; thinkphp_show_page_trace=0|0; PHPSESSID=s1dvgnogfcv88dt5m2b6taonb2',
)
[ info ] [ PARAM ] array (
)
[ info ] [ LANG ] E:\php\PHPTutorial\WWW\thinkcmf-5.0.180626\public/../simplewind/cmf/lang\zh-cn.php
[ info ] [ LANG ] E:\php\PHPTutorial\WWW\thinkcmf-5.0.180626\public/../app/admin\lang\zh-cn\common.php
[ info ] [ LANG ] E:\php\PHPTutorial\WWW\thinkcmf-5.0.180626\public/../app/portal\lang\zh-cn\common.php
[ info ] [ BEHAVIOR ] Run cmf\behavior\LangBehavior @app_begin [ RunTime:0.003077s ]
[ info ] [ LANG ] E:\php\PHPTutorial\WWW\thinkcmf-5.0.180626\public/../app/admin\lang\zh-cn.php
[ info ] [ DB ] INIT mysql
[ info ] [ RUN ] app\admin\controller\PublicController->login[ E:\php\PHPTutorial\WWW\thinkcmf-5.0.180626\app\admin\controller\PublicController.php ]
[ info ] [ SESSION ] INIT array (
  'id' => '',
  'var_session_id' => '',
  'prefix' => 'think',
  'type' => '',
  'auto_start' => true,
)
[ info ] [ VIEW ] themes/admin_simpleboot3/admin\\login.html [ array (
) ]
[ info ] [ LOG ] INIT File
[ sql ] [ DB ] CONNECT:[ UseTime:0.001827s ] mysql:host=127.0.0.1;port=3306;dbname=thinkcmf5;charset=utf8mb4
[ sql ] [ SQL ] SHOW COLUMNS FROM `cmf_option` [ RunTime:0.013533s ]
[ sql ] [ SQL ] SELECT `option_value` FROM `cmf_option` WHERE  `option_name` = 'cdn_settings' LIMIT 1 [ RunTime:0.000384s ]
[ sql ] [ SQL ] SELECT `option_value` FROM `cmf_option` WHERE  `option_name` = 'admin_settings' LIMIT 1 [ RunTime:0.000474s ]
[ sql ] [ SQL ] SELECT `option_value` FROM `cmf_option` WHERE  `option_name` = 'admin_settings' LIMIT 1 [ RunTime:0.000341s ]
---------------------------------------------------------------
[ 2018-08-07T20:24:42+08:00 ] 127.0.0.1 GET /admin
[ info ] pfan8cmf.com/admin [运行时间：0.125340s][吞吐率：7.98req/s] [内存消耗：2,918.66kb] [文件加载：69]
[ info ] [ CACHE ] INIT File
[ info ] [ BEHAVIOR ] Run cmf\behavior\InitHookBehavior @app_init [ RunTime:0.007231s ]
[ info ] [ LANG ] E:\php\PHPTutorial\WWW\thinkcmf-5.0.180626\simplewind\thinkphp\lang\zh-cn.php
[ info ] [ ROUTE ] array (
  'type' => 'module',
  'module' => 
  array (
    0 => 'admin',
    1 => NULL,
    2 => NULL,
  ),
)
[ info ] [ HEADER ] array (
  'host' => 'pfan8cmf.com',
  'connection' => 'keep-alive',
  'upgrade-insecure-requests' => '1',
  'user-agent' => 'Mozilla/5.0 (Windows NT 10.0; Win64; x64) AppleWebKit/537.36 (KHTML, like Gecko) Chrome/67.0.3396.99 Safari/537.36',
  'accept' => 'text/html,application/xhtml+xml,application/xml;q=0.9,image/webp,image/apng,*/*;q=0.8',
  'accept-encoding' => 'gzip, deflate',
  'accept-language' => 'zh-CN,zh;q=0.9,en;q=0.8,gl;q=0.7',
  'cookie' => 'admin_username=pfan8; thinkphp_show_page_trace=0|0; PHPSESSID=s1dvgnogfcv88dt5m2b6taonb2',
)
[ info ] [ PARAM ] array (
)
[ info ] [ LANG ] E:\php\PHPTutorial\WWW\thinkcmf-5.0.180626\public/../simplewind/cmf/lang\zh-cn.php
[ info ] [ LANG ] E:\php\PHPTutorial\WWW\thinkcmf-5.0.180626\public/../app/admin\lang\zh-cn\common.php
[ info ] [ LANG ] E:\php\PHPTutorial\WWW\thinkcmf-5.0.180626\public/../app/portal\lang\zh-cn\common.php
[ info ] [ BEHAVIOR ] Run cmf\behavior\LangBehavior @app_begin [ RunTime:0.002711s ]
[ info ] [ LANG ] E:\php\PHPTutorial\WWW\thinkcmf-5.0.180626\public/../app/admin\lang\zh-cn.php
[ info ] [ DB ] INIT mysql
[ info ] [ SESSION ] INIT array (
  'id' => '',
  'var_session_id' => '',
  'prefix' => 'think',
  'type' => '',
  'auto_start' => true,
)
[ info ] [ LANG ] E:\php\PHPTutorial\WWW\thinkcmf-5.0.180626\public/../app/admin\lang\zh-cn\admin_menu.php
[ info ] [ LANG ] E:\php\PHPTutorial\WWW\thinkcmf-5.0.180626\public/../app/admin\lang\zh-cn\admin.php
[ info ] [ LANG ] E:\php\PHPTutorial\WWW\thinkcmf-5.0.180626\public/../app/user\lang\zh-cn\admin_menu.php
[ info ] [ BEHAVIOR ] Run cmf\behavior\AdminLangBehavior @admin_init [ RunTime:0.003948s ]
[ info ] [ LOG ] INIT File
[ sql ] [ DB ] CONNECT:[ UseTime:0.000760s ] mysql:host=127.0.0.1;port=3306;dbname=thinkcmf5;charset=utf8mb4
[ sql ] [ SQL ] SHOW COLUMNS FROM `cmf_option` [ RunTime:0.012097s ]
[ sql ] [ SQL ] SELECT `option_value` FROM `cmf_option` WHERE  `option_name` = 'cdn_settings' LIMIT 1 [ RunTime:0.000596s ]
[ sql ] [ SQL ] SELECT `option_value` FROM `cmf_option` WHERE  `option_name` = 'admin_settings' LIMIT 1 [ RunTime:0.000497s ]
---------------------------------------------------------------
[ 2018-08-07T20:24:43+08:00 ] 127.0.0.1 GET /admin/public/login.html
[ info ] pfan8cmf.com/admin/public/login.html [运行时间：0.115730s][吞吐率：8.64req/s] [内存消耗：3,168.57kb] [文件加载：72]
[ info ] [ CACHE ] INIT File
[ info ] [ BEHAVIOR ] Run cmf\behavior\InitHookBehavior @app_init [ RunTime:0.003582s ]
[ info ] [ LANG ] E:\php\PHPTutorial\WWW\thinkcmf-5.0.180626\simplewind\thinkphp\lang\zh-cn.php
[ info ] [ ROUTE ] array (
  'type' => 'module',
  'module' => 
  array (
    0 => 'admin',
    1 => 'public',
    2 => 'login',
  ),
)
[ info ] [ HEADER ] array (
  'host' => 'pfan8cmf.com',
  'connection' => 'keep-alive',
  'upgrade-insecure-requests' => '1',
  'user-agent' => 'Mozilla/5.0 (Windows NT 10.0; Win64; x64) AppleWebKit/537.36 (KHTML, like Gecko) Chrome/67.0.3396.99 Safari/537.36',
  'accept' => 'text/html,application/xhtml+xml,application/xml;q=0.9,image/webp,image/apng,*/*;q=0.8',
  'accept-encoding' => 'gzip, deflate',
  'accept-language' => 'zh-CN,zh;q=0.9,en;q=0.8,gl;q=0.7',
  'cookie' => 'admin_username=pfan8; thinkphp_show_page_trace=0|0; PHPSESSID=s1dvgnogfcv88dt5m2b6taonb2',
)
[ info ] [ PARAM ] array (
)
[ info ] [ LANG ] E:\php\PHPTutorial\WWW\thinkcmf-5.0.180626\public/../simplewind/cmf/lang\zh-cn.php
[ info ] [ LANG ] E:\php\PHPTutorial\WWW\thinkcmf-5.0.180626\public/../app/admin\lang\zh-cn\common.php
[ info ] [ LANG ] E:\php\PHPTutorial\WWW\thinkcmf-5.0.180626\public/../app/portal\lang\zh-cn\common.php
[ info ] [ BEHAVIOR ] Run cmf\behavior\LangBehavior @app_begin [ RunTime:0.003289s ]
[ info ] [ LANG ] E:\php\PHPTutorial\WWW\thinkcmf-5.0.180626\public/../app/admin\lang\zh-cn.php
[ info ] [ DB ] INIT mysql
[ info ] [ RUN ] app\admin\controller\PublicController->login[ E:\php\PHPTutorial\WWW\thinkcmf-5.0.180626\app\admin\controller\PublicController.php ]
[ info ] [ SESSION ] INIT array (
  'id' => '',
  'var_session_id' => '',
  'prefix' => 'think',
  'type' => '',
  'auto_start' => true,
)
[ info ] [ VIEW ] themes/admin_simpleboot3/admin\\login.html [ array (
) ]
[ info ] [ LOG ] INIT File
[ sql ] [ DB ] CONNECT:[ UseTime:0.000772s ] mysql:host=127.0.0.1;port=3306;dbname=thinkcmf5;charset=utf8mb4
[ sql ] [ SQL ] SHOW COLUMNS FROM `cmf_option` [ RunTime:0.011257s ]
[ sql ] [ SQL ] SELECT `option_value` FROM `cmf_option` WHERE  `option_name` = 'cdn_settings' LIMIT 1 [ RunTime:0.000498s ]
[ sql ] [ SQL ] SELECT `option_value` FROM `cmf_option` WHERE  `option_name` = 'admin_settings' LIMIT 1 [ RunTime:0.000530s ]
[ sql ] [ SQL ] SELECT `option_value` FROM `cmf_option` WHERE  `option_name` = 'admin_settings' LIMIT 1 [ RunTime:0.000463s ]
---------------------------------------------------------------
[ 2018-08-07T20:24:43+08:00 ] 127.0.0.1 GET /captcha/new.html?height=32&width=150&font_size=18
[ info ] pfan8cmf.com/captcha/new.html?height=32&width=150&font_size=18 [运行时间：0.085787s][吞吐率：11.66req/s] [内存消耗：1,826.14kb] [文件加载：51]
[ info ] [ CACHE ] INIT File
[ info ] [ BEHAVIOR ] Run cmf\behavior\InitHookBehavior @app_init [ RunTime:0.005732s ]
[ info ] [ LANG ] E:\php\PHPTutorial\WWW\thinkcmf-5.0.180626\simplewind\thinkphp\lang\zh-cn.php
[ info ] [ ROUTE ] array (
  'type' => 'method',
  'method' => 
  array (
    0 => '\\cmf\\controller\\CaptchaController',
    1 => 'index',
  ),
  'var' => 
  array (
  ),
)
[ info ] [ HEADER ] array (
  'host' => 'pfan8cmf.com',
  'connection' => 'keep-alive',
  'user-agent' => 'Mozilla/5.0 (Windows NT 10.0; Win64; x64) AppleWebKit/537.36 (KHTML, like Gecko) Chrome/67.0.3396.99 Safari/537.36',
  'accept' => 'image/webp,image/apng,image/*,*/*;q=0.8',
  'referer' => 'http://pfan8cmf.com/admin/public/login.html',
  'accept-encoding' => 'gzip, deflate',
  'accept-language' => 'zh-CN,zh;q=0.9,en;q=0.8,gl;q=0.7',
  'cookie' => 'admin_username=pfan8; thinkphp_show_page_trace=0|0; PHPSESSID=s1dvgnogfcv88dt5m2b6taonb2',
)
[ info ] [ PARAM ] array (
  'height' => '32',
  'width' => '150',
  'font_size' => '18',
)
[ info ] [ LANG ] E:\php\PHPTutorial\WWW\thinkcmf-5.0.180626\public/../simplewind/cmf/lang\zh-cn.php
[ info ] [ LANG ] E:\php\PHPTutorial\WWW\thinkcmf-5.0.180626\public/../app/admin\lang\zh-cn\common.php
[ info ] [ LANG ] E:\php\PHPTutorial\WWW\thinkcmf-5.0.180626\public/../app/portal\lang\zh-cn\common.php
[ info ] [ BEHAVIOR ] Run cmf\behavior\LangBehavior @app_begin [ RunTime:0.006773s ]
[ info ] [ RUN ] cmf\controller\CaptchaController->index[ E:\php\PHPTutorial\WWW\thinkcmf-5.0.180626\simplewind\cmf\controller\CaptchaController.php ]
[ info ] [ SESSION ] INIT array (
  'id' => '',
  'var_session_id' => '',
  'prefix' => 'think',
  'type' => '',
  'auto_start' => true,
)
[ info ] [ LOG ] INIT File
---------------------------------------------------------------
[ 2018-08-07T20:24:47+08:00 ] 127.0.0.1 POST /admin/public/dologin.html
[ info ] pfan8cmf.com/admin/public/dologin.html [运行时间：0.158377s][吞吐率：6.31req/s] [内存消耗：3,061.63kb] [文件加载：70]
[ info ] [ CACHE ] INIT File
[ info ] [ BEHAVIOR ] Run cmf\behavior\InitHookBehavior @app_init [ RunTime:0.004171s ]
[ info ] [ LANG ] E:\php\PHPTutorial\WWW\thinkcmf-5.0.180626\simplewind\thinkphp\lang\zh-cn.php
[ info ] [ ROUTE ] array (
  'type' => 'module',
  'module' => 
  array (
    0 => 'admin',
    1 => 'public',
    2 => 'dologin',
  ),
)
[ info ] [ HEADER ] array (
  'host' => 'pfan8cmf.com',
  'connection' => 'keep-alive',
  'content-length' => '67',
  'accept' => 'application/json, text/javascript, */*; q=0.01',
  'origin' => 'http://pfan8cmf.com',
  'x-requested-with' => 'XMLHttpRequest',
  'user-agent' => 'Mozilla/5.0 (Windows NT 10.0; Win64; x64) AppleWebKit/537.36 (KHTML, like Gecko) Chrome/67.0.3396.99 Safari/537.36',
  'content-type' => 'application/x-www-form-urlencoded; charset=UTF-8',
  'referer' => 'http://pfan8cmf.com/admin/public/login.html',
  'accept-encoding' => 'gzip, deflate',
  'accept-language' => 'zh-CN,zh;q=0.9,en;q=0.8,gl;q=0.7',
  'cookie' => 'thinkphp_show_page_trace=0|0; admin_username=pfan8; thinkphp_show_page_trace=0|0; PHPSESSID=s1dvgnogfcv88dt5m2b6taonb2',
)
[ info ] [ PARAM ] array (
  'username' => 'pfan8',
  'password' => 'paofan8',
  'captcha' => '33kh',
  '_captcha_id' => '',
  'redirect' => '',
)
[ info ] [ LANG ] E:\php\PHPTutorial\WWW\thinkcmf-5.0.180626\public/../simplewind/cmf/lang\zh-cn.php
[ info ] [ LANG ] E:\php\PHPTutorial\WWW\thinkcmf-5.0.180626\public/../app/admin\lang\zh-cn\common.php
[ info ] [ LANG ] E:\php\PHPTutorial\WWW\thinkcmf-5.0.180626\public/../app/portal\lang\zh-cn\common.php
[ info ] [ BEHAVIOR ] Run cmf\behavior\LangBehavior @app_begin [ RunTime:0.004945s ]
[ info ] [ LANG ] E:\php\PHPTutorial\WWW\thinkcmf-5.0.180626\public/../app/admin\lang\zh-cn.php
[ info ] [ DB ] INIT mysql
[ info ] [ RUN ] app\admin\controller\PublicController->doLogin[ E:\php\PHPTutorial\WWW\thinkcmf-5.0.180626\app\admin\controller\PublicController.php ]
[ info ] [ SESSION ] INIT array (
  'id' => '',
  'var_session_id' => '',
  'prefix' => 'think',
  'type' => '',
  'auto_start' => true,
)
[ info ] [ LOG ] INIT File
[ sql ] [ DB ] CONNECT:[ UseTime:0.000743s ] mysql:host=127.0.0.1;port=3306;dbname=thinkcmf5;charset=utf8mb4
[ sql ] [ SQL ] SHOW COLUMNS FROM `cmf_option` [ RunTime:0.010862s ]
[ sql ] [ SQL ] SELECT `option_value` FROM `cmf_option` WHERE  `option_name` = 'cdn_settings' LIMIT 1 [ RunTime:0.000617s ]
[ sql ] [ SQL ] SHOW COLUMNS FROM `cmf_user` [ RunTime:0.012542s ]
[ sql ] [ SQL ] SELECT * FROM `cmf_user` WHERE  `user_login` = 'pfan8' LIMIT 1 [ RunTime:0.000684s ]
[ sql ] [ SQL ] SHOW COLUMNS FROM `cmf_role_user` [ RunTime:0.016271s ]
[ sql ] [ SQL ] SELECT `role_id` FROM `cmf_role_user` `a` INNER JOIN `cmf_role` `b` ON `a`.`role_id`=`b`.`id` WHERE  `user_id` = 1  AND `status` = 1 LIMIT 1 [ RunTime:0.002264s ]
[ sql ] [ SQL ] SHOW COLUMNS FROM `cmf_user_token` [ RunTime:0.012039s ]
[ sql ] [ SQL ] SELECT * FROM `cmf_user_token` WHERE  `user_id` = 1  AND `device_type` = 'web' LIMIT 1 [ RunTime:0.000613s ]
[ sql ] [ SQL ] UPDATE `cmf_user`  SET `user_type`=1,`sex`=0,`birthday`=0,`last_login_time`=1533644687,`score`=1,`coin`=1,`balance`=0,`create_time`=1532877163,`user_status`=1,`user_login`='pfan8',`user_pass`='###d0f2a4c5864a955e1018dc0daa809356',`user_nickname`='pfan8',`user_email`='fqwgc8@outlook.com',`user_url`='',`avatar`='',`signature`='',`last_login_ip`='127.0.0.1',`user_activation_key`='',`mobile`='',`more`=NULL  WHERE  `id` = 1 [ RunTime:0.002120s ]
---------------------------------------------------------------
[ 2018-08-07T20:24:49+08:00 ] 127.0.0.1 GET /admin/index/index.html
[ info ] pfan8cmf.com/admin/index/index.html [运行时间：0.380824s][吞吐率：2.63req/s] [内存消耗：3,754.96kb] [文件加载：78]
[ info ] [ CACHE ] INIT File
[ info ] [ BEHAVIOR ] Run cmf\behavior\InitHookBehavior @app_init [ RunTime:0.011670s ]
[ info ] [ LANG ] E:\php\PHPTutorial\WWW\thinkcmf-5.0.180626\simplewind\thinkphp\lang\zh-cn.php
[ info ] [ ROUTE ] array (
  'type' => 'module',
  'module' => 
  array (
    0 => 'admin',
    1 => 'index',
    2 => 'index',
  ),
)
[ info ] [ HEADER ] array (
  'host' => 'pfan8cmf.com',
  'connection' => 'keep-alive',
  'upgrade-insecure-requests' => '1',
  'user-agent' => 'Mozilla/5.0 (Windows NT 10.0; Win64; x64) AppleWebKit/537.36 (KHTML, like Gecko) Chrome/67.0.3396.99 Safari/537.36',
  'accept' => 'text/html,application/xhtml+xml,application/xml;q=0.9,image/webp,image/apng,*/*;q=0.8',
  'referer' => 'http://pfan8cmf.com/admin/public/login.html',
  'accept-encoding' => 'gzip, deflate',
  'accept-language' => 'zh-CN,zh;q=0.9,en;q=0.8,gl;q=0.7',
  'cookie' => 'admin_username=pfan8; thinkphp_show_page_trace=0|0; PHPSESSID=s1dvgnogfcv88dt5m2b6taonb2',
)
[ info ] [ PARAM ] array (
)
[ info ] [ LANG ] E:\php\PHPTutorial\WWW\thinkcmf-5.0.180626\public/../simplewind/cmf/lang\zh-cn.php
[ info ] [ LANG ] E:\php\PHPTutorial\WWW\thinkcmf-5.0.180626\public/../app/admin\lang\zh-cn\common.php
[ info ] [ LANG ] E:\php\PHPTutorial\WWW\thinkcmf-5.0.180626\public/../app/portal\lang\zh-cn\common.php
[ info ] [ BEHAVIOR ] Run cmf\behavior\LangBehavior @app_begin [ RunTime:0.005946s ]
[ info ] [ LANG ] E:\php\PHPTutorial\WWW\thinkcmf-5.0.180626\public/../app/admin\lang\zh-cn.php
[ info ] [ DB ] INIT mysql
[ info ] [ SESSION ] INIT array (
  'id' => '',
  'var_session_id' => '',
  'prefix' => 'think',
  'type' => '',
  'auto_start' => true,
)
[ info ] [ LANG ] E:\php\PHPTutorial\WWW\thinkcmf-5.0.180626\public/../app/admin\lang\zh-cn\admin_menu.php
[ info ] [ LANG ] E:\php\PHPTutorial\WWW\thinkcmf-5.0.180626\public/../app/admin\lang\zh-cn\admin.php
[ info ] [ LANG ] E:\php\PHPTutorial\WWW\thinkcmf-5.0.180626\public/../app/user\lang\zh-cn\admin_menu.php
[ info ] [ BEHAVIOR ] Run cmf\behavior\AdminLangBehavior @admin_init [ RunTime:0.009466s ]
[ info ] [ RUN ] app\admin\controller\IndexController->index[ E:\php\PHPTutorial\WWW\thinkcmf-5.0.180626\app\admin\controller\IndexController.php ]
[ info ] [ VIEW ] themes/admin_simpleboot3/admin\index\index.html [ array (
  0 => 'admin',
  1 => 'menus',
  2 => 'menus_js_var',
) ]
[ info ] [ LOG ] INIT File
[ sql ] [ DB ] CONNECT:[ UseTime:0.001177s ] mysql:host=127.0.0.1;port=3306;dbname=thinkcmf5;charset=utf8mb4
[ sql ] [ SQL ] SHOW COLUMNS FROM `cmf_option` [ RunTime:0.027898s ]
[ sql ] [ SQL ] SELECT `option_value` FROM `cmf_option` WHERE  `option_name` = 'cdn_settings' LIMIT 1 [ RunTime:0.000726s ]
[ sql ] [ SQL ] SELECT `option_value` FROM `cmf_option` WHERE  `option_name` = 'admin_settings' LIMIT 1 [ RunTime:0.000681s ]
[ sql ] [ SQL ] SHOW COLUMNS FROM `cmf_user` [ RunTime:0.027353s ]
[ sql ] [ SQL ] SELECT * FROM `cmf_user` WHERE  `id` = 1 LIMIT 1 [ RunTime:0.001346s ]
[ sql ] [ SQL ] SHOW COLUMNS FROM `cmf_admin_menu` [ RunTime:0.016911s ]
[ sql ] [ SQL ] SELECT * FROM `cmf_admin_menu` ORDER BY `app` ASC,`controller` ASC,`action` ASC [ RunTime:0.003047s ]
[ sql ] [ SQL ] SELECT `option_value` FROM `cmf_option` WHERE  `option_name` = 'admin_settings' LIMIT 1 [ RunTime:0.000547s ]
[ sql ] [ SQL ] SELECT `option_value` FROM `cmf_option` WHERE  `option_name` = 'admin_settings' LIMIT 1 [ RunTime:0.000287s ]
---------------------------------------------------------------
[ 2018-08-07T20:24:49+08:00 ] 127.0.0.1 GET /admin/main/index.html
[ info ] pfan8cmf.com/admin/main/index.html [运行时间：0.197667s][吞吐率：5.06req/s] [内存消耗：3,249.28kb] [文件加载：76]
[ info ] [ CACHE ] INIT File
[ info ] [ BEHAVIOR ] Run cmf\behavior\InitHookBehavior @app_init [ RunTime:0.005253s ]
[ info ] [ LANG ] E:\php\PHPTutorial\WWW\thinkcmf-5.0.180626\simplewind\thinkphp\lang\zh-cn.php
[ info ] [ ROUTE ] array (
  'type' => 'module',
  'module' => 
  array (
    0 => 'admin',
    1 => 'main',
    2 => 'index',
  ),
)
[ info ] [ HEADER ] array (
  'host' => 'pfan8cmf.com',
  'connection' => 'keep-alive',
  'upgrade-insecure-requests' => '1',
  'user-agent' => 'Mozilla/5.0 (Windows NT 10.0; Win64; x64) AppleWebKit/537.36 (KHTML, like Gecko) Chrome/67.0.3396.99 Safari/537.36',
  'accept' => 'text/html,application/xhtml+xml,application/xml;q=0.9,image/webp,image/apng,*/*;q=0.8',
  'referer' => 'http://pfan8cmf.com/admin/index/index.html',
  'accept-encoding' => 'gzip, deflate',
  'accept-language' => 'zh-CN,zh;q=0.9,en;q=0.8,gl;q=0.7',
  'cookie' => 'admin_username=pfan8; thinkphp_show_page_trace=0|0; PHPSESSID=s1dvgnogfcv88dt5m2b6taonb2',
)
[ info ] [ PARAM ] array (
)
[ info ] [ LANG ] E:\php\PHPTutorial\WWW\thinkcmf-5.0.180626\public/../simplewind/cmf/lang\zh-cn.php
[ info ] [ LANG ] E:\php\PHPTutorial\WWW\thinkcmf-5.0.180626\public/../app/admin\lang\zh-cn\common.php
[ info ] [ LANG ] E:\php\PHPTutorial\WWW\thinkcmf-5.0.180626\public/../app/portal\lang\zh-cn\common.php
[ info ] [ BEHAVIOR ] Run cmf\behavior\LangBehavior @app_begin [ RunTime:0.002842s ]
[ info ] [ LANG ] E:\php\PHPTutorial\WWW\thinkcmf-5.0.180626\public/../app/admin\lang\zh-cn.php
[ info ] [ DB ] INIT mysql
[ info ] [ LANG ] E:\php\PHPTutorial\WWW\thinkcmf-5.0.180626\public/../app/admin\lang\zh-cn\admin_menu.php
[ info ] [ LANG ] E:\php\PHPTutorial\WWW\thinkcmf-5.0.180626\public/../app/admin\lang\zh-cn\admin.php
[ info ] [ LANG ] E:\php\PHPTutorial\WWW\thinkcmf-5.0.180626\public/../app/user\lang\zh-cn\admin_menu.php
[ info ] [ BEHAVIOR ] Run cmf\behavior\AdminLangBehavior @admin_init [ RunTime:0.007236s ]
[ info ] [ SESSION ] INIT array (
  'id' => '',
  'var_session_id' => '',
  'prefix' => 'think',
  'type' => '',
  'auto_start' => true,
)
[ info ] [ RUN ] app\admin\controller\MainController->index[ E:\php\PHPTutorial\WWW\thinkcmf-5.0.180626\app\admin\controller\MainController.php ]
[ info ] [ VIEW ] themes/admin_simpleboot3/admin\main\index.html [ array (
  0 => 'admin',
  1 => 'dashboard_widgets',
  2 => 'dashboard_widget_plugins',
  3 => 'has_smtp_setting',
) ]
[ info ] [ LOG ] INIT File
[ sql ] [ DB ] CONNECT:[ UseTime:0.001161s ] mysql:host=127.0.0.1;port=3306;dbname=thinkcmf5;charset=utf8mb4
[ sql ] [ SQL ] SHOW COLUMNS FROM `cmf_option` [ RunTime:0.016381s ]
[ sql ] [ SQL ] SELECT `option_value` FROM `cmf_option` WHERE  `option_name` = 'cdn_settings' LIMIT 1 [ RunTime:0.001208s ]
[ sql ] [ SQL ] SHOW COLUMNS FROM `cmf_user` [ RunTime:0.014595s ]
[ sql ] [ SQL ] SELECT * FROM `cmf_user` WHERE  `id` = 1 LIMIT 1 [ RunTime:0.000540s ]
[ sql ] [ SQL ] SELECT `option_value` FROM `cmf_option` WHERE  `option_name` = 'admin_dashboard_widgets' LIMIT 1 [ RunTime:0.000360s ]
[ sql ] [ SQL ] SELECT `option_value` FROM `cmf_option` WHERE  `option_name` = 'smtp_setting' LIMIT 1 [ RunTime:0.000332s ]
[ sql ] [ SQL ] SELECT `option_value` FROM `cmf_option` WHERE  `option_name` = 'admin_settings' LIMIT 1 [ RunTime:0.000497s ]
---------------------------------------------------------------
[ 2018-08-07T20:25:08+08:00 ] 127.0.0.1 GET /admin/setting/site.html
[ info ] pfan8cmf.com/admin/setting/site.html [运行时间：0.174612s][吞吐率：5.73req/s] [内存消耗：3,263.95kb] [文件加载：76]
[ info ] [ CACHE ] INIT File
[ info ] [ BEHAVIOR ] Run cmf\behavior\InitHookBehavior @app_init [ RunTime:0.006286s ]
[ info ] [ LANG ] E:\php\PHPTutorial\WWW\thinkcmf-5.0.180626\simplewind\thinkphp\lang\zh-cn.php
[ info ] [ ROUTE ] array (
  'type' => 'module',
  'module' => 
  array (
    0 => 'admin',
    1 => 'setting',
    2 => 'site',
  ),
)
[ info ] [ HEADER ] array (
  'host' => 'pfan8cmf.com',
  'connection' => 'keep-alive',
  'upgrade-insecure-requests' => '1',
  'user-agent' => 'Mozilla/5.0 (Windows NT 10.0; Win64; x64) AppleWebKit/537.36 (KHTML, like Gecko) Chrome/67.0.3396.99 Safari/537.36',
  'accept' => 'text/html,application/xhtml+xml,application/xml;q=0.9,image/webp,image/apng,*/*;q=0.8',
  'referer' => 'http://pfan8cmf.com/admin/index/index.html',
  'accept-encoding' => 'gzip, deflate',
  'accept-language' => 'zh-CN,zh;q=0.9,en;q=0.8,gl;q=0.7',
  'cookie' => 'admin_username=pfan8; thinkphp_show_page_trace=0|0; PHPSESSID=s1dvgnogfcv88dt5m2b6taonb2',
)
[ info ] [ PARAM ] array (
)
[ info ] [ LANG ] E:\php\PHPTutorial\WWW\thinkcmf-5.0.180626\public/../simplewind/cmf/lang\zh-cn.php
[ info ] [ LANG ] E:\php\PHPTutorial\WWW\thinkcmf-5.0.180626\public/../app/admin\lang\zh-cn\common.php
[ info ] [ LANG ] E:\php\PHPTutorial\WWW\thinkcmf-5.0.180626\public/../app/portal\lang\zh-cn\common.php
[ info ] [ BEHAVIOR ] Run cmf\behavior\LangBehavior @app_begin [ RunTime:0.004019s ]
[ info ] [ LANG ] E:\php\PHPTutorial\WWW\thinkcmf-5.0.180626\public/../app/admin\lang\zh-cn.php
[ info ] [ DB ] INIT mysql
[ info ] [ LANG ] E:\php\PHPTutorial\WWW\thinkcmf-5.0.180626\public/../app/admin\lang\zh-cn\admin_menu.php
[ info ] [ LANG ] E:\php\PHPTutorial\WWW\thinkcmf-5.0.180626\public/../app/admin\lang\zh-cn\admin.php
[ info ] [ LANG ] E:\php\PHPTutorial\WWW\thinkcmf-5.0.180626\public/../app/user\lang\zh-cn\admin_menu.php
[ info ] [ BEHAVIOR ] Run cmf\behavior\AdminLangBehavior @admin_init [ RunTime:0.004013s ]
[ info ] [ SESSION ] INIT array (
  'id' => '',
  'var_session_id' => '',
  'prefix' => 'think',
  'type' => '',
  'auto_start' => true,
)
[ info ] [ RUN ] app\admin\controller\SettingController->site[ E:\php\PHPTutorial\WWW\thinkcmf-5.0.180626\app\admin\controller\SettingController.php ]
[ info ] [ VIEW ] themes/admin_simpleboot3/admin\setting\site.html [ array (
  0 => 'admin',
  1 => 'site_info',
  2 => 'admin_styles',
  3 => 'templates',
  4 => 'cdn_settings',
  5 => 'admin_settings',
  6 => 'cmf_settings',
) ]
[ info ] [ LOG ] INIT File
[ sql ] [ DB ] CONNECT:[ UseTime:0.000833s ] mysql:host=127.0.0.1;port=3306;dbname=thinkcmf5;charset=utf8mb4
[ sql ] [ SQL ] SHOW COLUMNS FROM `cmf_option` [ RunTime:0.013390s ]
[ sql ] [ SQL ] SELECT `option_value` FROM `cmf_option` WHERE  `option_name` = 'cdn_settings' LIMIT 1 [ RunTime:0.000584s ]
[ sql ] [ SQL ] SHOW COLUMNS FROM `cmf_user` [ RunTime:0.012468s ]
[ sql ] [ SQL ] SELECT * FROM `cmf_user` WHERE  `id` = 1 LIMIT 1 [ RunTime:0.000692s ]
[ sql ] [ SQL ] SELECT `option_value` FROM `cmf_option` WHERE  `option_name` = 'cdn_settings' LIMIT 1 [ RunTime:0.000528s ]
[ sql ] [ SQL ] SELECT `option_value` FROM `cmf_option` WHERE  `option_name` = 'cmf_settings' LIMIT 1 [ RunTime:0.000424s ]
[ sql ] [ SQL ] SELECT `option_value` FROM `cmf_option` WHERE  `option_name` = 'admin_settings' LIMIT 1 [ RunTime:0.000385s ]
[ sql ] [ SQL ] SELECT `option_value` FROM `cmf_option` WHERE  `option_name` = 'admin_settings' LIMIT 1 [ RunTime:0.000689s ]
---------------------------------------------------------------
[ 2018-08-07T20:31:05+08:00 ] 127.0.0.1 GET /admin/index/index.html
[ info ] pfan8cmf.com/admin/index/index.html [运行时间：0.305938s][吞吐率：3.27req/s] [内存消耗：3,755.02kb] [文件加载：78]
[ info ] [ CACHE ] INIT File
[ info ] [ BEHAVIOR ] Run cmf\behavior\InitHookBehavior @app_init [ RunTime:0.010233s ]
[ info ] [ LANG ] E:\php\PHPTutorial\WWW\thinkcmf-5.0.180626\simplewind\thinkphp\lang\zh-cn.php
[ info ] [ ROUTE ] array (
  'type' => 'module',
  'module' => 
  array (
    0 => 'admin',
    1 => 'index',
    2 => 'index',
  ),
)
[ info ] [ HEADER ] array (
  'host' => 'pfan8cmf.com',
  'connection' => 'keep-alive',
  'upgrade-insecure-requests' => '1',
  'user-agent' => 'Mozilla/5.0 (Windows NT 10.0; Win64; x64) AppleWebKit/537.36 (KHTML, like Gecko) Chrome/67.0.3396.99 Safari/537.36',
  'accept' => 'text/html,application/xhtml+xml,application/xml;q=0.9,image/webp,image/apng,*/*;q=0.8',
  'referer' => 'http://pfan8cmf.com/admin/index/index.html',
  'accept-encoding' => 'gzip, deflate',
  'accept-language' => 'zh-CN,zh;q=0.9,en;q=0.8,gl;q=0.7',
  'cookie' => 'thinkphp_show_page_trace=0|0; admin_username=pfan8; thinkphp_show_page_trace=0|0; PHPSESSID=s1dvgnogfcv88dt5m2b6taonb2',
)
[ info ] [ PARAM ] array (
)
[ info ] [ LANG ] E:\php\PHPTutorial\WWW\thinkcmf-5.0.180626\public/../simplewind/cmf/lang\zh-cn.php
[ info ] [ LANG ] E:\php\PHPTutorial\WWW\thinkcmf-5.0.180626\public/../app/admin\lang\zh-cn\common.php
[ info ] [ LANG ] E:\php\PHPTutorial\WWW\thinkcmf-5.0.180626\public/../app/portal\lang\zh-cn\common.php
[ info ] [ BEHAVIOR ] Run cmf\behavior\LangBehavior @app_begin [ RunTime:0.009065s ]
[ info ] [ LANG ] E:\php\PHPTutorial\WWW\thinkcmf-5.0.180626\public/../app/admin\lang\zh-cn.php
[ info ] [ DB ] INIT mysql
[ info ] [ SESSION ] INIT array (
  'id' => '',
  'var_session_id' => '',
  'prefix' => 'think',
  'type' => '',
  'auto_start' => true,
)
[ info ] [ LANG ] E:\php\PHPTutorial\WWW\thinkcmf-5.0.180626\public/../app/admin\lang\zh-cn\admin_menu.php
[ info ] [ LANG ] E:\php\PHPTutorial\WWW\thinkcmf-5.0.180626\public/../app/admin\lang\zh-cn\admin.php
[ info ] [ LANG ] E:\php\PHPTutorial\WWW\thinkcmf-5.0.180626\public/../app/user\lang\zh-cn\admin_menu.php
[ info ] [ BEHAVIOR ] Run cmf\behavior\AdminLangBehavior @admin_init [ RunTime:0.005241s ]
[ info ] [ RUN ] app\admin\controller\IndexController->index[ E:\php\PHPTutorial\WWW\thinkcmf-5.0.180626\app\admin\controller\IndexController.php ]
[ info ] [ VIEW ] themes/admin_simpleboot3/admin\index\index.html [ array (
  0 => 'admin',
  1 => 'menus',
  2 => 'menus_js_var',
) ]
[ info ] [ LOG ] INIT File
[ sql ] [ DB ] CONNECT:[ UseTime:0.004705s ] mysql:host=127.0.0.1;port=3306;dbname=thinkcmf5;charset=utf8mb4
[ sql ] [ SQL ] SHOW COLUMNS FROM `cmf_option` [ RunTime:0.015579s ]
[ sql ] [ SQL ] SELECT `option_value` FROM `cmf_option` WHERE  `option_name` = 'cdn_settings' LIMIT 1 [ RunTime:0.000869s ]
[ sql ] [ SQL ] SELECT `option_value` FROM `cmf_option` WHERE  `option_name` = 'admin_settings' LIMIT 1 [ RunTime:0.000395s ]
[ sql ] [ SQL ] SHOW COLUMNS FROM `cmf_user` [ RunTime:0.015085s ]
[ sql ] [ SQL ] SELECT * FROM `cmf_user` WHERE  `id` = 1 LIMIT 1 [ RunTime:0.001993s ]
[ sql ] [ SQL ] SHOW COLUMNS FROM `cmf_admin_menu` [ RunTime:0.016800s ]
[ sql ] [ SQL ] SELECT * FROM `cmf_admin_menu` ORDER BY `app` ASC,`controller` ASC,`action` ASC [ RunTime:0.004266s ]
[ sql ] [ SQL ] SELECT `option_value` FROM `cmf_option` WHERE  `option_name` = 'admin_settings' LIMIT 1 [ RunTime:0.000641s ]
[ sql ] [ SQL ] SELECT `option_value` FROM `cmf_option` WHERE  `option_name` = 'admin_settings' LIMIT 1 [ RunTime:0.000323s ]
---------------------------------------------------------------
[ 2018-08-07T20:31:06+08:00 ] 127.0.0.1 GET /admin/main/index.html
[ info ] pfan8cmf.com/admin/main/index.html [运行时间：0.240870s][吞吐率：4.15req/s] [内存消耗：3,249.44kb] [文件加载：76]
[ info ] [ CACHE ] INIT File
[ info ] [ BEHAVIOR ] Run cmf\behavior\InitHookBehavior @app_init [ RunTime:0.008034s ]
[ info ] [ LANG ] E:\php\PHPTutorial\WWW\thinkcmf-5.0.180626\simplewind\thinkphp\lang\zh-cn.php
[ info ] [ ROUTE ] array (
  'type' => 'module',
  'module' => 
  array (
    0 => 'admin',
    1 => 'main',
    2 => 'index',
  ),
)
[ info ] [ HEADER ] array (
  'host' => 'pfan8cmf.com',
  'connection' => 'keep-alive',
  'upgrade-insecure-requests' => '1',
  'user-agent' => 'Mozilla/5.0 (Windows NT 10.0; Win64; x64) AppleWebKit/537.36 (KHTML, like Gecko) Chrome/67.0.3396.99 Safari/537.36',
  'accept' => 'text/html,application/xhtml+xml,application/xml;q=0.9,image/webp,image/apng,*/*;q=0.8',
  'referer' => 'http://pfan8cmf.com/admin/index/index.html',
  'accept-encoding' => 'gzip, deflate',
  'accept-language' => 'zh-CN,zh;q=0.9,en;q=0.8,gl;q=0.7',
  'cookie' => 'thinkphp_show_page_trace=0|0; admin_username=pfan8; thinkphp_show_page_trace=0|0; PHPSESSID=s1dvgnogfcv88dt5m2b6taonb2',
)
[ info ] [ PARAM ] array (
)
[ info ] [ LANG ] E:\php\PHPTutorial\WWW\thinkcmf-5.0.180626\public/../simplewind/cmf/lang\zh-cn.php
[ info ] [ LANG ] E:\php\PHPTutorial\WWW\thinkcmf-5.0.180626\public/../app/admin\lang\zh-cn\common.php
[ info ] [ LANG ] E:\php\PHPTutorial\WWW\thinkcmf-5.0.180626\public/../app/portal\lang\zh-cn\common.php
[ info ] [ BEHAVIOR ] Run cmf\behavior\LangBehavior @app_begin [ RunTime:0.004416s ]
[ info ] [ LANG ] E:\php\PHPTutorial\WWW\thinkcmf-5.0.180626\public/../app/admin\lang\zh-cn.php
[ info ] [ DB ] INIT mysql
[ info ] [ LANG ] E:\php\PHPTutorial\WWW\thinkcmf-5.0.180626\public/../app/admin\lang\zh-cn\admin_menu.php
[ info ] [ LANG ] E:\php\PHPTutorial\WWW\thinkcmf-5.0.180626\public/../app/admin\lang\zh-cn\admin.php
[ info ] [ LANG ] E:\php\PHPTutorial\WWW\thinkcmf-5.0.180626\public/../app/user\lang\zh-cn\admin_menu.php
[ info ] [ BEHAVIOR ] Run cmf\behavior\AdminLangBehavior @admin_init [ RunTime:0.005864s ]
[ info ] [ SESSION ] INIT array (
  'id' => '',
  'var_session_id' => '',
  'prefix' => 'think',
  'type' => '',
  'auto_start' => true,
)
[ info ] [ RUN ] app\admin\controller\MainController->index[ E:\php\PHPTutorial\WWW\thinkcmf-5.0.180626\app\admin\controller\MainController.php ]
[ info ] [ VIEW ] themes/admin_simpleboot3/admin\main\index.html [ array (
  0 => 'admin',
  1 => 'dashboard_widgets',
  2 => 'dashboard_widget_plugins',
  3 => 'has_smtp_setting',
) ]
[ info ] [ LOG ] INIT File
[ sql ] [ DB ] CONNECT:[ UseTime:0.001119s ] mysql:host=127.0.0.1;port=3306;dbname=thinkcmf5;charset=utf8mb4
[ sql ] [ SQL ] SHOW COLUMNS FROM `cmf_option` [ RunTime:0.017463s ]
[ sql ] [ SQL ] SELECT `option_value` FROM `cmf_option` WHERE  `option_name` = 'cdn_settings' LIMIT 1 [ RunTime:0.000457s ]
[ sql ] [ SQL ] SHOW COLUMNS FROM `cmf_user` [ RunTime:0.016699s ]
[ sql ] [ SQL ] SELECT * FROM `cmf_user` WHERE  `id` = 1 LIMIT 1 [ RunTime:0.000648s ]
[ sql ] [ SQL ] SELECT `option_value` FROM `cmf_option` WHERE  `option_name` = 'admin_dashboard_widgets' LIMIT 1 [ RunTime:0.000382s ]
[ sql ] [ SQL ] SELECT `option_value` FROM `cmf_option` WHERE  `option_name` = 'smtp_setting' LIMIT 1 [ RunTime:0.000358s ]
[ sql ] [ SQL ] SELECT `option_value` FROM `cmf_option` WHERE  `option_name` = 'admin_settings' LIMIT 1 [ RunTime:0.000497s ]
---------------------------------------------------------------
[ 2018-08-07T20:31:06+08:00 ] 127.0.0.1 GET /admin/setting/site.html
[ info ] pfan8cmf.com/admin/setting/site.html [运行时间：0.204401s][吞吐率：4.89req/s] [内存消耗：3,263.94kb] [文件加载：76]
[ info ] [ CACHE ] INIT File
[ info ] [ BEHAVIOR ] Run cmf\behavior\InitHookBehavior @app_init [ RunTime:0.005339s ]
[ info ] [ LANG ] E:\php\PHPTutorial\WWW\thinkcmf-5.0.180626\simplewind\thinkphp\lang\zh-cn.php
[ info ] [ ROUTE ] array (
  'type' => 'module',
  'module' => 
  array (
    0 => 'admin',
    1 => 'setting',
    2 => 'site',
  ),
)
[ info ] [ HEADER ] array (
  'host' => 'pfan8cmf.com',
  'connection' => 'keep-alive',
  'upgrade-insecure-requests' => '1',
  'user-agent' => 'Mozilla/5.0 (Windows NT 10.0; Win64; x64) AppleWebKit/537.36 (KHTML, like Gecko) Chrome/67.0.3396.99 Safari/537.36',
  'accept' => 'text/html,application/xhtml+xml,application/xml;q=0.9,image/webp,image/apng,*/*;q=0.8',
  'referer' => 'http://pfan8cmf.com/admin/index/index.html',
  'accept-encoding' => 'gzip, deflate',
  'accept-language' => 'zh-CN,zh;q=0.9,en;q=0.8,gl;q=0.7',
  'cookie' => 'thinkphp_show_page_trace=0|0; admin_username=pfan8; thinkphp_show_page_trace=0|0; PHPSESSID=s1dvgnogfcv88dt5m2b6taonb2',
)
[ info ] [ PARAM ] array (
)
[ info ] [ LANG ] E:\php\PHPTutorial\WWW\thinkcmf-5.0.180626\public/../simplewind/cmf/lang\zh-cn.php
[ info ] [ LANG ] E:\php\PHPTutorial\WWW\thinkcmf-5.0.180626\public/../app/admin\lang\zh-cn\common.php
[ info ] [ LANG ] E:\php\PHPTutorial\WWW\thinkcmf-5.0.180626\public/../app/portal\lang\zh-cn\common.php
[ info ] [ BEHAVIOR ] Run cmf\behavior\LangBehavior @app_begin [ RunTime:0.004942s ]
[ info ] [ LANG ] E:\php\PHPTutorial\WWW\thinkcmf-5.0.180626\public/../app/admin\lang\zh-cn.php
[ info ] [ DB ] INIT mysql
[ info ] [ LANG ] E:\php\PHPTutorial\WWW\thinkcmf-5.0.180626\public/../app/admin\lang\zh-cn\admin_menu.php
[ info ] [ LANG ] E:\php\PHPTutorial\WWW\thinkcmf-5.0.180626\public/../app/admin\lang\zh-cn\admin.php
[ info ] [ LANG ] E:\php\PHPTutorial\WWW\thinkcmf-5.0.180626\public/../app/user\lang\zh-cn\admin_menu.php
[ info ] [ BEHAVIOR ] Run cmf\behavior\AdminLangBehavior @admin_init [ RunTime:0.006669s ]
[ info ] [ SESSION ] INIT array (
  'id' => '',
  'var_session_id' => '',
  'prefix' => 'think',
  'type' => '',
  'auto_start' => true,
)
[ info ] [ RUN ] app\admin\controller\SettingController->site[ E:\php\PHPTutorial\WWW\thinkcmf-5.0.180626\app\admin\controller\SettingController.php ]
[ info ] [ VIEW ] themes/admin_simpleboot3/admin\setting\site.html [ array (
  0 => 'admin',
  1 => 'site_info',
  2 => 'admin_styles',
  3 => 'templates',
  4 => 'cdn_settings',
  5 => 'admin_settings',
  6 => 'cmf_settings',
) ]
[ info ] [ LOG ] INIT File
[ sql ] [ DB ] CONNECT:[ UseTime:0.000775s ] mysql:host=127.0.0.1;port=3306;dbname=thinkcmf5;charset=utf8mb4
[ sql ] [ SQL ] SHOW COLUMNS FROM `cmf_option` [ RunTime:0.014359s ]
[ sql ] [ SQL ] SELECT `option_value` FROM `cmf_option` WHERE  `option_name` = 'cdn_settings' LIMIT 1 [ RunTime:0.000455s ]
[ sql ] [ SQL ] SHOW COLUMNS FROM `cmf_user` [ RunTime:0.015569s ]
[ sql ] [ SQL ] SELECT * FROM `cmf_user` WHERE  `id` = 1 LIMIT 1 [ RunTime:0.000527s ]
[ sql ] [ SQL ] SELECT `option_value` FROM `cmf_option` WHERE  `option_name` = 'cdn_settings' LIMIT 1 [ RunTime:0.000436s ]
[ sql ] [ SQL ] SELECT `option_value` FROM `cmf_option` WHERE  `option_name` = 'cmf_settings' LIMIT 1 [ RunTime:0.000266s ]
[ sql ] [ SQL ] SELECT `option_value` FROM `cmf_option` WHERE  `option_name` = 'admin_settings' LIMIT 1 [ RunTime:0.001129s ]
[ sql ] [ SQL ] SELECT `option_value` FROM `cmf_option` WHERE  `option_name` = 'admin_settings' LIMIT 1 [ RunTime:0.000442s ]
---------------------------------------------------------------
[ 2018-08-07T20:32:52+08:00 ] 127.0.0.1 GET /
[ info ] pfan8cmf.com/ [运行时间：0.190141s][吞吐率：5.26req/s] [内存消耗：3,542.28kb] [文件加载：75]
[ info ] [ CACHE ] INIT File
[ info ] [ BEHAVIOR ] Run cmf\behavior\InitHookBehavior @app_init [ RunTime:0.006454s ]
[ info ] [ LANG ] E:\php\PHPTutorial\WWW\thinkcmf-5.0.180626\simplewind\thinkphp\lang\zh-cn.php
[ info ] [ ROUTE ] array (
  'type' => 'module',
  'module' => 
  array (
    0 => '',
    1 => NULL,
    2 => NULL,
  ),
)
[ info ] [ HEADER ] array (
  'host' => 'pfan8cmf.com',
  'connection' => 'keep-alive',
  'upgrade-insecure-requests' => '1',
  'user-agent' => 'Mozilla/5.0 (Windows NT 10.0; Win64; x64) AppleWebKit/537.36 (KHTML, like Gecko) Chrome/67.0.3396.99 Safari/537.36',
  'accept' => 'text/html,application/xhtml+xml,application/xml;q=0.9,image/webp,image/apng,*/*;q=0.8',
  'accept-encoding' => 'gzip, deflate',
  'accept-language' => 'zh-CN,zh;q=0.9,en;q=0.8,gl;q=0.7',
  'cookie' => 'admin_username=pfan8; thinkphp_show_page_trace=0|0; PHPSESSID=s1dvgnogfcv88dt5m2b6taonb2',
)
[ info ] [ PARAM ] array (
)
[ info ] [ LANG ] E:\php\PHPTutorial\WWW\thinkcmf-5.0.180626\public/../simplewind/cmf/lang\zh-cn.php
[ info ] [ LANG ] E:\php\PHPTutorial\WWW\thinkcmf-5.0.180626\public/../app/admin\lang\zh-cn\common.php
[ info ] [ LANG ] E:\php\PHPTutorial\WWW\thinkcmf-5.0.180626\public/../app/portal\lang\zh-cn\common.php
[ info ] [ BEHAVIOR ] Run cmf\behavior\LangBehavior @app_begin [ RunTime:0.004052s ]
[ info ] [ DB ] INIT mysql
[ info ] [ LANG ] E:\php\PHPTutorial\WWW\thinkcmf-5.0.180626\public/../app/portal\lang\zh-cn\home.php
[ info ] [ BEHAVIOR ] Run cmf\behavior\HomeLangBehavior @home_init [ RunTime:0.003161s ]
[ info ] [ RUN ] app\icr\controller\IndexController->index[ E:\php\PHPTutorial\WWW\thinkcmf-5.0.180626\app\icr\controller\IndexController.php ]
[ info ] [ LANG ] E:\php\PHPTutorial\WWW\thinkcmf-5.0.180626\public/../app/portal\lang\zh-cn\home.php
[ info ] [ BEHAVIOR ] Run cmf\behavior\HomeLangBehavior @home_init [ RunTime:0.001577s ]
[ info ] [ VIEW ] themes/RY/icr\\home.html [ array (
  0 => 'site_info',
  1 => 'home_active',
  2 => 'course_active',
  3 => 'teacher_active',
  4 => 'school_active',
  5 => 'recruit_active',
  6 => 'join_active',
  7 => 'about_active',
  8 => 'theme_vars',
  9 => 'theme_widgets',
) ]
[ info ] [ LOG ] INIT File
[ sql ] [ DB ] CONNECT:[ UseTime:0.000852s ] mysql:host=127.0.0.1;port=3306;dbname=thinkcmf5;charset=utf8mb4
[ sql ] [ SQL ] SHOW COLUMNS FROM `cmf_option` [ RunTime:0.013699s ]
[ sql ] [ SQL ] SELECT `option_value` FROM `cmf_option` WHERE  `option_name` = 'cdn_settings' LIMIT 1 [ RunTime:0.000535s ]
[ sql ] [ SQL ] SELECT `option_value` FROM `cmf_option` WHERE  `option_name` = 'cdn_settings' LIMIT 1 [ RunTime:0.000429s ]
[ sql ] [ SQL ] SHOW COLUMNS FROM `cmf_theme_file` [ RunTime:0.013041s ]
[ sql ] [ SQL ] SELECT `more` FROM `cmf_theme_file` WHERE  `theme` = 'RY'  AND (  `is_public` = 1 OR `file` = 'icr/home' ) [ RunTime:0.000691s ]
---------------------------------------------------------------
[ 2018-08-07T20:32:58+08:00 ] 127.0.0.1 GET /?
[ info ] pfan8cmf.com/? [运行时间：0.220098s][吞吐率：4.54req/s] [内存消耗：3,542.43kb] [文件加载：75]
[ info ] [ CACHE ] INIT File
[ info ] [ BEHAVIOR ] Run cmf\behavior\InitHookBehavior @app_init [ RunTime:0.007033s ]
[ info ] [ LANG ] E:\php\PHPTutorial\WWW\thinkcmf-5.0.180626\simplewind\thinkphp\lang\zh-cn.php
[ info ] [ ROUTE ] array (
  'type' => 'module',
  'module' => 
  array (
    0 => '',
    1 => NULL,
    2 => NULL,
  ),
)
[ info ] [ HEADER ] array (
  'host' => 'pfan8cmf.com',
  'connection' => 'keep-alive',
  'upgrade-insecure-requests' => '1',
  'user-agent' => 'Mozilla/5.0 (Windows NT 10.0; Win64; x64) AppleWebKit/537.36 (KHTML, like Gecko) Chrome/67.0.3396.99 Safari/537.36',
  'accept' => 'text/html,application/xhtml+xml,application/xml;q=0.9,image/webp,image/apng,*/*;q=0.8',
  'referer' => 'http://pfan8cmf.com/',
  'accept-encoding' => 'gzip, deflate',
  'accept-language' => 'zh-CN,zh;q=0.9,en;q=0.8,gl;q=0.7',
  'cookie' => 'admin_username=pfan8; thinkphp_show_page_trace=0|0; PHPSESSID=s1dvgnogfcv88dt5m2b6taonb2',
)
[ info ] [ PARAM ] array (
)
[ info ] [ LANG ] E:\php\PHPTutorial\WWW\thinkcmf-5.0.180626\public/../simplewind/cmf/lang\zh-cn.php
[ info ] [ LANG ] E:\php\PHPTutorial\WWW\thinkcmf-5.0.180626\public/../app/admin\lang\zh-cn\common.php
[ info ] [ LANG ] E:\php\PHPTutorial\WWW\thinkcmf-5.0.180626\public/../app/portal\lang\zh-cn\common.php
[ info ] [ BEHAVIOR ] Run cmf\behavior\LangBehavior @app_begin [ RunTime:0.004400s ]
[ info ] [ DB ] INIT mysql
[ info ] [ LANG ] E:\php\PHPTutorial\WWW\thinkcmf-5.0.180626\public/../app/portal\lang\zh-cn\home.php
[ info ] [ BEHAVIOR ] Run cmf\behavior\HomeLangBehavior @home_init [ RunTime:0.003858s ]
[ info ] [ RUN ] app\icr\controller\IndexController->index[ E:\php\PHPTutorial\WWW\thinkcmf-5.0.180626\app\icr\controller\IndexController.php ]
[ info ] [ LANG ] E:\php\PHPTutorial\WWW\thinkcmf-5.0.180626\public/../app/portal\lang\zh-cn\home.php
[ info ] [ BEHAVIOR ] Run cmf\behavior\HomeLangBehavior @home_init [ RunTime:0.002074s ]
[ info ] [ VIEW ] themes/RY/icr\\home.html [ array (
  0 => 'site_info',
  1 => 'home_active',
  2 => 'course_active',
  3 => 'teacher_active',
  4 => 'school_active',
  5 => 'recruit_active',
  6 => 'join_active',
  7 => 'about_active',
  8 => 'theme_vars',
  9 => 'theme_widgets',
) ]
[ info ] [ LOG ] INIT File
[ sql ] [ DB ] CONNECT:[ UseTime:0.001287s ] mysql:host=127.0.0.1;port=3306;dbname=thinkcmf5;charset=utf8mb4
[ sql ] [ SQL ] SHOW COLUMNS FROM `cmf_option` [ RunTime:0.014411s ]
[ sql ] [ SQL ] SELECT `option_value` FROM `cmf_option` WHERE  `option_name` = 'cdn_settings' LIMIT 1 [ RunTime:0.000483s ]
[ sql ] [ SQL ] SELECT `option_value` FROM `cmf_option` WHERE  `option_name` = 'cdn_settings' LIMIT 1 [ RunTime:0.000603s ]
[ sql ] [ SQL ] SHOW COLUMNS FROM `cmf_theme_file` [ RunTime:0.017017s ]
[ sql ] [ SQL ] SELECT `more` FROM `cmf_theme_file` WHERE  `theme` = 'RY'  AND (  `is_public` = 1 OR `file` = 'icr/home' ) [ RunTime:0.000533s ]
